                      :-) GROMACS - gmx mdrun, 2023.3 (-:

Copyright 1991-2023 The GROMACS Authors.
GROMACS is free software; you can redistribute it and/or modify it
under the terms of the GNU Lesser General Public License
as published by the Free Software Foundation; either version 2.1
of the License, or (at your option) any later version.

                         Current GROMACS contributors:
       Mark Abraham           Andrey Alekseenko           Cathrine Bergh      
      Christian Blau            Eliane Briand             Mahesh Doijade      
    Stefan Fleischmann           Vytas Gapsys              Gaurav Garg        
      Sergey Gorelov         Gilles Gouaillardet            Alan Gray         
     M. Eric Irrgang         Farzaneh Jalalypour            Joe Jordan        
    Christoph Junghans        Prashanth Kanduri          Sebastian Keller     
     Carsten Kutzner           Justin A. Lemkul          Magnus Lundborg      
       Pascal Merz              Vedran Miletic            Dmitry Morozov      
       Szilard Pall             Roland Schulz             Michael Shirts      
     Alexey Shvetsov            Balint Soproni         David van der Spoel    
      Philip Turner             Carsten Uphoff           Alessandra Villa     
 Sebastian Wingbermuehle        Artem Zhmurov       

                         Previous GROMACS contributors:
        Emile Apol             Rossen Apostolov           James Barnett       
  Herman J.C. Berendsen          Par Bjelkmar           Viacheslav Bolnykh    
        Kevin Boyd            Aldert van Buuren          Carlo Camilloni      
     Rudi van Drunen            Anton Feenstra           Oliver Fleetwood     
     Gerrit Groenhof            Bert de Groot             Anca Hamuraru       
    Vincent Hindriksen          Victor Holanda           Aleksei Iupinov      
   Dimitrios Karkoulis           Peter Kasson             Sebastian Kehl      
        Jiri Kraus               Per Larsson              Viveca Lindahl      
      Erik Marklund           Pieter Meulenhoff           Teemu Murtola       
       Sander Pronk             Alfons Sijbers            Peter Tieleman      
       Jon Vincent             Teemu Virolainen         Christian Wennberg    
       Maarten Wolf       

                  Coordinated by the GROMACS project leaders:
                    Paul Bauer, Berk Hess, and Erik Lindahl

GROMACS:      gmx mdrun, version 2023.3
Executable:   /ext3/apps/gromacs/2023.3/openmpi/intel/bin/gmx_mpi
Data prefix:  /ext3/apps/gromacs/2023.3/openmpi/intel
Working dir:  /scratch/work/courses/CHEM-GA-2671-2024fa/students/wx2237/comp-lab-class-2024/Week4-CharmmGuiSetup/Scripts/charmm-gui-2737955185/gromacs
Process ID:   2258421
Command line:
  gmx_mpi mdrun -v -deffnm step4.1_equilibration

GROMACS version:    2023.3
Precision:          mixed
Memory model:       64 bit
MPI library:        MPI
OpenMP support:     disabled
GPU support:        disabled
SIMD instructions:  AVX2_256
CPU FFT library:    fftw-3.3.8-sse2-avx-avx2-avx2_128
GPU FFT library:    none
Multi-GPU FFT:      none
RDTSCP usage:       enabled
TNG support:        enabled
Hwloc support:      disabled
Tracing support:    disabled
C compiler:         /share/apps/utils/intel/icc Intel 2021.5.0.20211109
C compiler flags:   -mavx2 -mfma -pthread -O3 -DNDEBUG
C++ compiler:       /share/apps/utils/intel/icpc Intel 2021.5.0.20211109
C++ compiler flags: -mavx2 -mfma -pthread -O3 -DNDEBUG
BLAS library:       External - detected on the system
LAPACK library:     External - detected on the system


Running on 1 node with total 10 cores, 10 processing units
Hardware detected on host cm012.hpc.nyu.edu (the node of MPI rank 0):
  CPU info:
    Vendor: Intel
    Brand:  Intel(R) Xeon(R) Platinum 8268 CPU @ 2.90GHz
    Family: 6   Model: 85   Stepping: 7
    Features: aes apic avx avx2 avx512f avx512cd avx512bw avx512vl avx512secondFMA clfsh cmov cx8 cx16 f16c fma htt intel lahf mmx msr nonstop_tsc pcid pclmuldq pdcm pdpe1gb popcnt pse rdrnd rdtscp sse2 sse3 sse4.1 sse4.2 ssse3 tdt x2apic
    Number of AVX-512 FMA units: 2
  Hardware topology: Basic
    Packages, cores, and logical processors:
    [indices refer to OS logical processors]
      Package  1: [  26] [  27] [  28] [  29] [  30] [  31] [  32] [  33] [  34] [  35]
    CPU limit set by OS: -1   Recommended max number of threads: 10

Likely fastest SIMD instructions supported by all nodes: AVX_512
SIMD instructions selected at compile time:              AVX2_256
Merely a note: it is unfortunately hard to know for sure which SIMD
instructons will perform best on this hardware. For non-GPU runs
on Intel CPUs with dual AVX-512 units, using AVX-512 can be good,
while AVX2 is often better for runs also using a GPU. Typically
this is just a few percent, so don't worry unless you are tuning.


++++ PLEASE READ AND CITE THE FOLLOWING REFERENCE ++++
M. J. Abraham, T. Murtola, R. Schulz, S. Páll, J. C. Smith, B. Hess, E.
Lindahl
GROMACS: High performance molecular simulations through multi-level
parallelism from laptops to supercomputers
SoftwareX 1 (2015) pp. 19-25
-------- -------- --- Thank You --- -------- --------


++++ PLEASE READ AND CITE THE FOLLOWING REFERENCE ++++
S. Páll, M. J. Abraham, C. Kutzner, B. Hess, E. Lindahl
Tackling Exascale Software Challenges in Molecular Dynamics Simulations with
GROMACS
In S. Markidis & E. Laure (Eds.), Solving Software Challenges for Exascale 8759 (2015) pp. 3-27
-------- -------- --- Thank You --- -------- --------


++++ PLEASE READ AND CITE THE FOLLOWING REFERENCE ++++
S. Pronk, S. Páll, R. Schulz, P. Larsson, P. Bjelkmar, R. Apostolov, M. R.
Shirts, J. C. Smith, P. M. Kasson, D. van der Spoel, B. Hess, and E. Lindahl
GROMACS 4.5: a high-throughput and highly parallel open source molecular
simulation toolkit
Bioinformatics 29 (2013) pp. 845-54
-------- -------- --- Thank You --- -------- --------


++++ PLEASE READ AND CITE THE FOLLOWING REFERENCE ++++
B. Hess and C. Kutzner and D. van der Spoel and E. Lindahl
GROMACS 4: Algorithms for highly efficient, load-balanced, and scalable
molecular simulation
J. Chem. Theory Comput. 4 (2008) pp. 435-447
-------- -------- --- Thank You --- -------- --------


++++ PLEASE READ AND CITE THE FOLLOWING REFERENCE ++++
D. van der Spoel, E. Lindahl, B. Hess, G. Groenhof, A. E. Mark and H. J. C.
Berendsen
GROMACS: Fast, Flexible and Free
J. Comp. Chem. 26 (2005) pp. 1701-1719
-------- -------- --- Thank You --- -------- --------


++++ PLEASE READ AND CITE THE FOLLOWING REFERENCE ++++
E. Lindahl and B. Hess and D. van der Spoel
GROMACS 3.0: A package for molecular simulation and trajectory analysis
J. Mol. Mod. 7 (2001) pp. 306-317
-------- -------- --- Thank You --- -------- --------


++++ PLEASE READ AND CITE THE FOLLOWING REFERENCE ++++
H. J. C. Berendsen, D. van der Spoel and R. van Drunen
GROMACS: A message-passing parallel molecular dynamics implementation
Comp. Phys. Comm. 91 (1995) pp. 43-56
-------- -------- --- Thank You --- -------- --------


++++ PLEASE CITE THE DOI FOR THIS VERSION OF GROMACS ++++
https://doi.org/10.5281/zenodo.10017686
-------- -------- --- Thank You --- -------- --------

Input Parameters:
   integrator                     = md
   tinit                          = 0
   dt                             = 0.001
   nsteps                         = 125000
   init-step                      = 0
   simulation-part                = 1
   mts                            = false
   comm-mode                      = Linear
   nstcomm                        = 100
   bd-fric                        = 0
   ld-seed                        = -134218817
   emtol                          = 10
   emstep                         = 0.01
   niter                          = 20
   fcstep                         = 0
   nstcgsteep                     = 1000
   nbfgscorr                      = 10
   rtpi                           = 0.05
   nstxout                        = 0
   nstvout                        = 0
   nstfout                        = 0
   nstlog                         = 1000
   nstcalcenergy                  = 100
   nstenergy                      = 1000
   nstxout-compressed             = 5000
   compressed-x-precision         = 1000
   cutoff-scheme                  = Verlet
   nstlist                        = 20
   pbc                            = xyz
   periodic-molecules             = false
   verlet-buffer-tolerance        = 0.005
   rlist                          = 1.2
   coulombtype                    = PME
   coulomb-modifier               = Potential-shift
   rcoulomb-switch                = 0
   rcoulomb                       = 1.2
   epsilon-r                      = 1
   epsilon-rf                     = inf
   vdw-type                       = Cut-off
   vdw-modifier                   = Force-switch
   rvdw-switch                    = 1
   rvdw                           = 1.2
   DispCorr                       = No
   table-extension                = 1
   fourierspacing                 = 0.12
   fourier-nx                     = 42
   fourier-ny                     = 42
   fourier-nz                     = 42
   pme-order                      = 4
   ewald-rtol                     = 1e-05
   ewald-rtol-lj                  = 0.001
   lj-pme-comb-rule               = Geometric
   ewald-geometry                 = 3d
   epsilon-surface                = 0
   ensemble-temperature-setting   = constant
   ensemble-temperature           = 300
   tcoupl                         = V-rescale
   nsttcouple                     = 100
   nh-chain-length                = 0
   print-nose-hoover-chain-variables = false
   pcoupl                         = No
   pcoupltype                     = Isotropic
   nstpcouple                     = -1
   tau-p                          = 1
   compressibility (3x3):
      compressibility[    0]={ 0.00000e+00,  0.00000e+00,  0.00000e+00}
      compressibility[    1]={ 0.00000e+00,  0.00000e+00,  0.00000e+00}
      compressibility[    2]={ 0.00000e+00,  0.00000e+00,  0.00000e+00}
   ref-p (3x3):
      ref-p[    0]={ 0.00000e+00,  0.00000e+00,  0.00000e+00}
      ref-p[    1]={ 0.00000e+00,  0.00000e+00,  0.00000e+00}
      ref-p[    2]={ 0.00000e+00,  0.00000e+00,  0.00000e+00}
   refcoord-scaling               = No
   posres-com (3):
      posres-com[0]= 0.00000e+00
      posres-com[1]= 0.00000e+00
      posres-com[2]= 0.00000e+00
   posres-comB (3):
      posres-comB[0]= 0.00000e+00
      posres-comB[1]= 0.00000e+00
      posres-comB[2]= 0.00000e+00
   QMMM                           = false
qm-opts:
   ngQM                           = 0
   constraint-algorithm           = Lincs
   continuation                   = false
   Shake-SOR                      = false
   shake-tol                      = 0.0001
   lincs-order                    = 4
   lincs-iter                     = 1
   lincs-warnangle                = 30
   nwall                          = 0
   wall-type                      = 9-3
   wall-r-linpot                  = -1
   wall-atomtype[0]               = -1
   wall-atomtype[1]               = -1
   wall-density[0]                = 0
   wall-density[1]                = 0
   wall-ewald-zfac                = 3
   pull                           = false
   awh                            = false
   rotation                       = false
   interactiveMD                  = false
   disre                          = No
   disre-weighting                = Conservative
   disre-mixed                    = false
   dr-fc                          = 1000
   dr-tau                         = 0
   nstdisreout                    = 100
   orire-fc                       = 0
   orire-tau                      = 0
   nstorireout                    = 100
   free-energy                    = no
   cos-acceleration               = 0
   deform (3x3):
      deform[    0]={ 0.00000e+00,  0.00000e+00,  0.00000e+00}
      deform[    1]={ 0.00000e+00,  0.00000e+00,  0.00000e+00}
      deform[    2]={ 0.00000e+00,  0.00000e+00,  0.00000e+00}
   simulated-tempering            = false
   swapcoords                     = no
   userint1                       = 0
   userint2                       = 0
   userint3                       = 0
   userint4                       = 0
   userreal1                      = 0
   userreal2                      = 0
   userreal3                      = 0
   userreal4                      = 0
   applied-forces:
     electric-field:
       x:
         E0                       = 0
         omega                    = 0
         t0                       = 0
         sigma                    = 0
       y:
         E0                       = 0
         omega                    = 0
         t0                       = 0
         sigma                    = 0
       z:
         E0                       = 0
         omega                    = 0
         t0                       = 0
         sigma                    = 0
     density-guided-simulation:
       active                     = false
       group                      = protein
       similarity-measure         = inner-product
       atom-spreading-weight      = unity
       force-constant             = 1e+09
       gaussian-transform-spreading-width = 0.2
       gaussian-transform-spreading-range-in-multiples-of-width = 4
       reference-density-filename = reference.mrc
       nst                        = 1
       normalize-densities        = true
       adaptive-force-scaling     = false
       adaptive-force-scaling-time-constant = 4
       shift-vector               = 
       transformation-matrix      = 
     qmmm-cp2k:
       active                     = false
       qmgroup                    = System
       qmmethod                   = PBE
       qmfilenames                = 
       qmcharge                   = 0
       qmmultiplicity             = 1
grpopts:
   nrdf:       23313
   ref-t:         300
   tau-t:           1
annealing:          No
annealing-npoints:           0
   acc:	           0           0           0
   nfreeze:           N           N           N
   energygrp-flags[  0]: 0

Changing nstlist from 20 to 100, rlist from 1.2 to 1.298


Initializing Domain Decomposition on 10 ranks
Dynamic load balancing: auto
Using update groups, nr 3893, average size 3.0 atoms, max. radius 0.078 nm
Minimum cell size due to atom displacement: 0.296 nm
Scaling the initial minimum size with 1/0.8 (option -dds) = 1.25
Using 0 separate PME ranks because: there are too few total ranks for efficient splitting
Optimizing the DD grid for 10 cells with a minimum initial size of 0.370 nm
The maximum allowed number of cells is: X 13 Y 13 Z 13
Domain decomposition grid 5 x 2 x 1, separate PME ranks 0
PME domain decomposition: 5 x 2 x 1
Domain decomposition rank 0, coordinates 0 0 0

The initial number of communication pulses is: X 2 Y 1
The initial domain decomposition cell size is: X 1.00 nm Y 2.50 nm

When dynamic load balancing gets turned on, these settings will change to:
The maximum number of communication pulses is: X 2 Y 1
The minimum size for domain decomposition cells is 0.727 nm
The requested allowed shrink of DD cells (option -dds) is: 0.80
The allowed shrink of domain decomposition cells is: X 0.73 Y 0.58

Using 10 MPI processes

Non-default thread affinity set, disabling internal thread affinity
System total charge: 0.000
Will do PME sum in reciprocal space for electrostatic interactions.

++++ PLEASE READ AND CITE THE FOLLOWING REFERENCE ++++
U. Essmann, L. Perera, M. L. Berkowitz, T. Darden, H. Lee and L. G. Pedersen 
A smooth particle mesh Ewald method
J. Chem. Phys. 103 (1995) pp. 8577-8592
-------- -------- --- Thank You --- -------- --------

Using a Gaussian width (1/beta) of 0.384195 nm for Ewald
Potential shift: LJ r^-12: -2.648e-01 r^-6: -5.349e-01, Ewald -8.333e-06
Initialized non-bonded Coulomb Ewald tables, spacing: 1.02e-03 size: 1176



Using SIMD 4x8 nonbonded short-range kernels

Using a dual 4x8 pair-list setup updated with dynamic pruning:
  outer list: updated every 100 steps, buffer 0.098 nm, rlist 1.298 nm
  inner list: updated every  23 steps, buffer 0.001 nm, rlist 1.201 nm
At tolerance 0.005 kJ/mol/ps per atom, equivalent classical 1x1 list would be:
  outer list: updated every 100 steps, buffer 0.227 nm, rlist 1.427 nm
  inner list: updated every  23 steps, buffer 0.046 nm, rlist 1.246 nm

The non-bonded pair calculation algorithm tolerates a few missing pair interactions close to the cut-off. This can lead to a systematic overestimation of the pressure due to missing LJ interactions. The error in the average pressure due to missing LJ interactions is at most 0.03 bar.
The pressure error can be controlled by setting the environment variable GMX_VERLET_BUFFER_PRESSURE_TOLERANCE to the allowed error in units of bar.
Removing pbc first time

Linking all bonded interactions to atoms


++++ PLEASE READ AND CITE THE FOLLOWING REFERENCE ++++
S. Miyamoto and P. A. Kollman
SETTLE: An Analytical Version of the SHAKE and RATTLE Algorithms for Rigid
Water Models
J. Comp. Chem. 13 (1992) pp. 952-962
-------- -------- --- Thank You --- -------- --------


Intra-simulation communication will occur every 100 steps.

++++ PLEASE READ AND CITE THE FOLLOWING REFERENCE ++++
G. Bussi, D. Donadio and M. Parrinello
Canonical sampling through velocity rescaling
J. Chem. Phys. 126 (2007) pp. 014101
-------- -------- --- Thank You --- -------- --------

There are: 11651 Atoms
Atom distribution over 10 domains: av 1165 stddev 52 min 1115 max 1241

Constraining the starting coordinates (step 0)

Constraining the coordinates at t0-dt (step 0)
Center of mass motion removal mode is Linear
We have the following groups for center of mass motion removal:
  0:  SOLV
RMS relative constraint deviation after constraining: 0.00e+00
Initial temperature: 302.773 K

Started mdrun on rank 0 Thu Sep 26 15:56:17 2024

           Step           Time
              0        0.00000

   Energies (kJ/mol)
        LJ (SR)   Coulomb (SR)   Coul. recip.      Potential    Kinetic En.
    2.76552e+04   -2.15595e+05    6.02948e+02   -1.87337e+05    2.93472e+04
   Total Energy  Conserved En.    Temperature Pressure (bar)
   -1.57990e+05   -1.57990e+05    3.02806e+02   -7.04794e+02


DD  step 99 load imb.: force  7.0%

step 200 Turning on dynamic load balancing, because the performance loss due to load imbalance is 5.0 %.

DD  step 999  vol min/aver 0.954  load imb.: force  2.3%
           Step           Time
           1000        1.00000

   Energies (kJ/mol)
        LJ (SR)   Coulomb (SR)   Coul. recip.      Potential    Kinetic En.
    2.01917e+04   -1.93815e+05    4.65497e+02   -1.73157e+05    2.26784e+04
   Total Energy  Conserved En.    Temperature Pressure (bar)
   -1.50479e+05   -1.57945e+05    2.33997e+02   -1.77879e+03


DD  step 1999  vol min/aver 0.944  load imb.: force  3.2%
           Step           Time
           2000        2.00000

   Energies (kJ/mol)
        LJ (SR)   Coulomb (SR)   Coul. recip.      Potential    Kinetic En.
    1.97865e+04   -1.90036e+05    4.64012e+02   -1.69786e+05    2.47610e+04
   Total Energy  Conserved En.    Temperature Pressure (bar)
   -1.45025e+05   -1.57945e+05    2.55485e+02   -1.35286e+03


DD  step 2999  vol min/aver 0.948  load imb.: force  1.6%
           Step           Time
           3000        3.00000

   Energies (kJ/mol)
        LJ (SR)   Coulomb (SR)   Coul. recip.      Potential    Kinetic En.
    1.86377e+04   -1.86354e+05    5.03486e+02   -1.67213e+05    2.61961e+04
   Total Energy  Conserved En.    Temperature Pressure (bar)
   -1.41017e+05   -1.57947e+05    2.70292e+02   -1.49339e+03


DD  step 3999  vol min/aver 0.972  load imb.: force  1.5%
           Step           Time
           4000        4.00000

   Energies (kJ/mol)
        LJ (SR)   Coulomb (SR)   Coul. recip.      Potential    Kinetic En.
    1.78247e+04   -1.84067e+05    5.08781e+02   -1.65734e+05    2.71003e+04
   Total Energy  Conserved En.    Temperature Pressure (bar)
   -1.38633e+05   -1.57950e+05    2.79622e+02   -1.58051e+03


DD  step 4999  vol min/aver 0.952  load imb.: force  1.1%
           Step           Time
           5000        5.00000

   Energies (kJ/mol)
        LJ (SR)   Coulomb (SR)   Coul. recip.      Potential    Kinetic En.
    1.84808e+04   -1.83135e+05    5.40713e+02   -1.64114e+05    2.77840e+04
   Total Energy  Conserved En.    Temperature Pressure (bar)
   -1.36330e+05   -1.57950e+05    2.86676e+02   -9.61913e+02


DD  step 5999  vol min/aver 0.962  load imb.: force  1.9%
           Step           Time
           6000        6.00000

   Energies (kJ/mol)
        LJ (SR)   Coulomb (SR)   Coul. recip.      Potential    Kinetic En.
    1.78818e+04   -1.81454e+05    5.50737e+02   -1.63021e+05    2.82840e+04
   Total Energy  Conserved En.    Temperature Pressure (bar)
   -1.34737e+05   -1.57953e+05    2.91835e+02   -1.03296e+03


DD  step 6999  vol min/aver 0.968  load imb.: force  2.8%
           Step           Time
           7000        7.00000

   Energies (kJ/mol)
        LJ (SR)   Coulomb (SR)   Coul. recip.      Potential    Kinetic En.
    1.74257e+04   -1.80259e+05    5.34967e+02   -1.62298e+05    2.82083e+04
   Total Energy  Conserved En.    Temperature Pressure (bar)
   -1.34090e+05   -1.57954e+05    2.91054e+02   -1.11104e+03


DD  step 7999  vol min/aver 0.949  load imb.: force  2.6%
           Step           Time
           8000        8.00000

   Energies (kJ/mol)
        LJ (SR)   Coulomb (SR)   Coul. recip.      Potential    Kinetic En.
    1.74864e+04   -1.80956e+05    5.31663e+02   -1.62938e+05    2.89057e+04
   Total Energy  Conserved En.    Temperature Pressure (bar)
   -1.34033e+05   -1.57957e+05    2.98251e+02   -1.18750e+03


DD  step 8999  vol min/aver 0.961  load imb.: force  2.0%
           Step           Time
           9000        9.00000

   Energies (kJ/mol)
        LJ (SR)   Coulomb (SR)   Coul. recip.      Potential    Kinetic En.
    1.76753e+04   -1.80167e+05    5.38855e+02   -1.61953e+05    2.82351e+04
   Total Energy  Conserved En.    Temperature Pressure (bar)
   -1.33718e+05   -1.57955e+05    2.91331e+02   -9.71187e+02


DD  step 9999  vol min/aver 0.941  load imb.: force  2.5%
           Step           Time
          10000       10.00000

   Energies (kJ/mol)
        LJ (SR)   Coulomb (SR)   Coul. recip.      Potential    Kinetic En.
    1.67900e+04   -1.79674e+05    5.37644e+02   -1.62347e+05    2.87483e+04
   Total Energy  Conserved En.    Temperature Pressure (bar)
   -1.33599e+05   -1.57960e+05    2.96626e+02   -1.45034e+03


DD  step 10999  vol min/aver 0.963  load imb.: force  2.5%
           Step           Time
          11000       11.00000

   Energies (kJ/mol)
        LJ (SR)   Coulomb (SR)   Coul. recip.      Potential    Kinetic En.
    1.70665e+04   -1.79430e+05    5.63895e+02   -1.61799e+05    2.84143e+04
   Total Energy  Conserved En.    Temperature Pressure (bar)
   -1.33385e+05   -1.57959e+05    2.93180e+02   -1.19753e+03


DD  step 11999  vol min/aver 0.957  load imb.: force  2.7%
           Step           Time
          12000       12.00000

   Energies (kJ/mol)
        LJ (SR)   Coulomb (SR)   Coul. recip.      Potential    Kinetic En.
    1.75428e+04   -1.80228e+05    5.47512e+02   -1.62137e+05    2.85951e+04
   Total Energy  Conserved En.    Temperature Pressure (bar)
   -1.33542e+05   -1.57960e+05    2.95046e+02   -9.65893e+02


DD  step 12999  vol min/aver 0.960  load imb.: force  3.0%
           Step           Time
          13000       13.00000

   Energies (kJ/mol)
        LJ (SR)   Coulomb (SR)   Coul. recip.      Potential    Kinetic En.
    1.71615e+04   -1.79378e+05    5.34124e+02   -1.61683e+05    2.85806e+04
   Total Energy  Conserved En.    Temperature Pressure (bar)
   -1.33102e+05   -1.57961e+05    2.94896e+02   -1.11878e+03


DD  step 13999  vol min/aver 0.949  load imb.: force  2.8%
           Step           Time
          14000       14.00000

   Energies (kJ/mol)
        LJ (SR)   Coulomb (SR)   Coul. recip.      Potential    Kinetic En.
    1.76074e+04   -1.80117e+05    5.59674e+02   -1.61950e+05    2.88731e+04
   Total Energy  Conserved En.    Temperature Pressure (bar)
   -1.33076e+05   -1.57962e+05    2.97914e+02   -9.63322e+02


DD  step 14999  vol min/aver 0.961  load imb.: force  2.3%
           Step           Time
          15000       15.00000

   Energies (kJ/mol)
        LJ (SR)   Coulomb (SR)   Coul. recip.      Potential    Kinetic En.
    1.72321e+04   -1.79833e+05    5.74075e+02   -1.62027e+05    2.83996e+04
   Total Energy  Conserved En.    Temperature Pressure (bar)
   -1.33627e+05   -1.57963e+05    2.93028e+02   -1.18013e+03


DD  step 15999  vol min/aver 0.929  load imb.: force  2.6%
           Step           Time
          16000       16.00000

   Energies (kJ/mol)
        LJ (SR)   Coulomb (SR)   Coul. recip.      Potential    Kinetic En.
    1.73532e+04   -1.79934e+05    5.43658e+02   -1.62037e+05    2.86640e+04
   Total Energy  Conserved En.    Temperature Pressure (bar)
   -1.33373e+05   -1.57964e+05    2.95757e+02   -1.09133e+03


DD  step 16999  vol min/aver 0.971  load imb.: force  2.3%
           Step           Time
          17000       17.00000

   Energies (kJ/mol)
        LJ (SR)   Coulomb (SR)   Coul. recip.      Potential    Kinetic En.
    1.73950e+04   -1.79536e+05    5.38543e+02   -1.61603e+05    2.86382e+04
   Total Energy  Conserved En.    Temperature Pressure (bar)
   -1.32965e+05   -1.57966e+05    2.95491e+02   -1.00113e+03


DD  step 17999  vol min/aver 0.963  load imb.: force  2.6%
           Step           Time
          18000       18.00000

   Energies (kJ/mol)
        LJ (SR)   Coulomb (SR)   Coul. recip.      Potential    Kinetic En.
    1.69221e+04   -1.78836e+05    5.65333e+02   -1.61348e+05    2.87657e+04
   Total Energy  Conserved En.    Temperature Pressure (bar)
   -1.32582e+05   -1.57966e+05    2.96806e+02   -1.20173e+03


DD  step 18999  vol min/aver 0.943  load imb.: force  1.7%
           Step           Time
          19000       19.00000

   Energies (kJ/mol)
        LJ (SR)   Coulomb (SR)   Coul. recip.      Potential    Kinetic En.
    1.71056e+04   -1.79355e+05    5.61721e+02   -1.61687e+05    2.90152e+04
   Total Energy  Conserved En.    Temperature Pressure (bar)
   -1.32672e+05   -1.57967e+05    2.99380e+02   -1.10529e+03


DD  step 19999  vol min/aver 0.975  load imb.: force  1.2%
           Step           Time
          20000       20.00000

   Energies (kJ/mol)
        LJ (SR)   Coulomb (SR)   Coul. recip.      Potential    Kinetic En.
    1.75213e+04   -1.79238e+05    5.26223e+02   -1.61190e+05    2.87265e+04
   Total Energy  Conserved En.    Temperature Pressure (bar)
   -1.32464e+05   -1.57969e+05    2.96401e+02   -8.56212e+02


DD  step 20999  vol min/aver 0.941  load imb.: force  1.4%
           Step           Time
          21000       21.00000

   Energies (kJ/mol)
        LJ (SR)   Coulomb (SR)   Coul. recip.      Potential    Kinetic En.
    1.73934e+04   -1.79801e+05    5.58095e+02   -1.61850e+05    2.92268e+04
   Total Energy  Conserved En.    Temperature Pressure (bar)
   -1.32623e+05   -1.57970e+05    3.01564e+02   -9.83361e+02


DD  step 21999  vol min/aver 0.926  load imb.: force  1.4%
           Step           Time
          22000       22.00000

   Energies (kJ/mol)
        LJ (SR)   Coulomb (SR)   Coul. recip.      Potential    Kinetic En.
    1.69057e+04   -1.78941e+05    5.28688e+02   -1.61506e+05    2.89137e+04
   Total Energy  Conserved En.    Temperature Pressure (bar)
   -1.32593e+05   -1.57970e+05    2.98333e+02   -1.22010e+03


DD  step 22999  vol min/aver 0.962  load imb.: force  2.2%
           Step           Time
          23000       23.00000

   Energies (kJ/mol)
        LJ (SR)   Coulomb (SR)   Coul. recip.      Potential    Kinetic En.
    1.66694e+04   -1.78547e+05    5.54397e+02   -1.61323e+05    2.88189e+04
   Total Energy  Conserved En.    Temperature Pressure (bar)
   -1.32504e+05   -1.57971e+05    2.97355e+02   -1.27641e+03


DD  step 23999  vol min/aver 0.957  load imb.: force  2.0%
           Step           Time
          24000       24.00000

   Energies (kJ/mol)
        LJ (SR)   Coulomb (SR)   Coul. recip.      Potential    Kinetic En.
    1.72190e+04   -1.79198e+05    5.45560e+02   -1.61433e+05    2.97662e+04
   Total Energy  Conserved En.    Temperature Pressure (bar)
   -1.31667e+05   -1.57973e+05    3.07129e+02   -9.85750e+02


DD  step 24999  vol min/aver 0.956  load imb.: force  2.1%
           Step           Time
          25000       25.00000

   Energies (kJ/mol)
        LJ (SR)   Coulomb (SR)   Coul. recip.      Potential    Kinetic En.
    1.65370e+04   -1.77793e+05    6.05265e+02   -1.60651e+05    2.88701e+04
   Total Energy  Conserved En.    Temperature Pressure (bar)
   -1.31781e+05   -1.57972e+05    2.97883e+02   -1.25572e+03


DD  step 25999  vol min/aver 0.940  load imb.: force  1.8%
           Step           Time
          26000       26.00000

   Energies (kJ/mol)
        LJ (SR)   Coulomb (SR)   Coul. recip.      Potential    Kinetic En.
    1.69562e+04   -1.78840e+05    5.71798e+02   -1.61312e+05    2.93157e+04
   Total Energy  Conserved En.    Temperature Pressure (bar)
   -1.31996e+05   -1.57975e+05    3.02481e+02   -1.13381e+03


DD  step 26999  vol min/aver 0.963  load imb.: force  1.2%
           Step           Time
          27000       27.00000

   Energies (kJ/mol)
        LJ (SR)   Coulomb (SR)   Coul. recip.      Potential    Kinetic En.
    1.76321e+04   -1.79952e+05    5.83418e+02   -1.61736e+05    2.87451e+04
   Total Energy  Conserved En.    Temperature Pressure (bar)
   -1.32991e+05   -1.57974e+05    2.96593e+02   -9.06149e+02


DD  step 27999  vol min/aver 0.955  load imb.: force  1.8%
           Step           Time
          28000       28.00000

   Energies (kJ/mol)
        LJ (SR)   Coulomb (SR)   Coul. recip.      Potential    Kinetic En.
    1.79373e+04   -1.80160e+05    5.45476e+02   -1.61677e+05    2.89203e+04
   Total Energy  Conserved En.    Temperature Pressure (bar)
   -1.32756e+05   -1.57976e+05    2.98401e+02   -7.90136e+02


DD  step 28999  vol min/aver 0.951  load imb.: force  3.5%
           Step           Time
          29000       29.00000

   Energies (kJ/mol)
        LJ (SR)   Coulomb (SR)   Coul. recip.      Potential    Kinetic En.
    1.73560e+04   -1.79558e+05    5.30413e+02   -1.61671e+05    2.91220e+04
   Total Energy  Conserved En.    Temperature Pressure (bar)
   -1.32549e+05   -1.57977e+05    3.00482e+02   -1.06469e+03


DD  step 29999  vol min/aver 0.930  load imb.: force  1.1%
           Step           Time
          30000       30.00000

   Energies (kJ/mol)
        LJ (SR)   Coulomb (SR)   Coul. recip.      Potential    Kinetic En.
    1.71749e+04   -1.78968e+05    5.27986e+02   -1.61265e+05    2.92180e+04
   Total Energy  Conserved En.    Temperature Pressure (bar)
   -1.32047e+05   -1.57977e+05    3.01473e+02   -9.98688e+02


DD  step 30999  vol min/aver 0.945  load imb.: force  2.1%
           Step           Time
          31000       31.00000

   Energies (kJ/mol)
        LJ (SR)   Coulomb (SR)   Coul. recip.      Potential    Kinetic En.
    1.69723e+04   -1.78550e+05    5.47737e+02   -1.61030e+05    2.94969e+04
   Total Energy  Conserved En.    Temperature Pressure (bar)
   -1.31533e+05   -1.57979e+05    3.04350e+02   -1.09815e+03


DD  step 31999  vol min/aver 0.951  load imb.: force  1.9%
           Step           Time
          32000       32.00000

   Energies (kJ/mol)
        LJ (SR)   Coulomb (SR)   Coul. recip.      Potential    Kinetic En.
    1.69805e+04   -1.78206e+05    5.69781e+02   -1.60656e+05    2.91442e+04
   Total Energy  Conserved En.    Temperature Pressure (bar)
   -1.31512e+05   -1.57979e+05    3.00711e+02   -1.08952e+03


DD  step 32999  vol min/aver 0.972  load imb.: force  2.5%
           Step           Time
          33000       33.00000

   Energies (kJ/mol)
        LJ (SR)   Coulomb (SR)   Coul. recip.      Potential    Kinetic En.
    1.63940e+04   -1.77945e+05    5.60692e+02   -1.60991e+05    2.93764e+04
   Total Energy  Conserved En.    Temperature Pressure (bar)
   -1.31614e+05   -1.57981e+05    3.03107e+02   -1.35075e+03


DD  step 33999  vol min/aver 0.945  load imb.: force  1.6%
           Step           Time
          34000       34.00000

   Energies (kJ/mol)
        LJ (SR)   Coulomb (SR)   Coul. recip.      Potential    Kinetic En.
    1.68522e+04   -1.78306e+05    5.50538e+02   -1.60903e+05    2.90928e+04
   Total Energy  Conserved En.    Temperature Pressure (bar)
   -1.31810e+05   -1.57982e+05    3.00181e+02   -1.12366e+03


DD  step 34999  vol min/aver 0.966  load imb.: force  2.5%
           Step           Time
          35000       35.00000

   Energies (kJ/mol)
        LJ (SR)   Coulomb (SR)   Coul. recip.      Potential    Kinetic En.
    1.71751e+04   -1.78883e+05    5.68874e+02   -1.61139e+05    2.88837e+04
   Total Energy  Conserved En.    Temperature Pressure (bar)
   -1.32255e+05   -1.57982e+05    2.98023e+02   -1.06555e+03


DD  step 35999  vol min/aver 0.945  load imb.: force  3.4%
           Step           Time
          36000       36.00000

   Energies (kJ/mol)
        LJ (SR)   Coulomb (SR)   Coul. recip.      Potential    Kinetic En.
    1.71719e+04   -1.79087e+05    5.34166e+02   -1.61381e+05    2.90825e+04
   Total Energy  Conserved En.    Temperature Pressure (bar)
   -1.32299e+05   -1.57983e+05    3.00074e+02   -1.02351e+03


DD  step 36999  vol min/aver 0.927  load imb.: force  5.0%
           Step           Time
          37000       37.00000

   Energies (kJ/mol)
        LJ (SR)   Coulomb (SR)   Coul. recip.      Potential    Kinetic En.
    1.71805e+04   -1.79014e+05    5.84143e+02   -1.61249e+05    2.87685e+04
   Total Energy  Conserved En.    Temperature Pressure (bar)
   -1.32481e+05   -1.57983e+05    2.96835e+02   -9.86982e+02


DD  step 37999  vol min/aver 0.927  load imb.: force  2.7%
           Step           Time
          38000       38.00000

   Energies (kJ/mol)
        LJ (SR)   Coulomb (SR)   Coul. recip.      Potential    Kinetic En.
    1.70793e+04   -1.79822e+05    5.74665e+02   -1.62168e+05    2.91880e+04
   Total Energy  Conserved En.    Temperature Pressure (bar)
   -1.32980e+05   -1.57985e+05    3.01163e+02   -1.25892e+03


DD  step 38999  vol min/aver 0.945  load imb.: force  2.5%
           Step           Time
          39000       39.00000

   Energies (kJ/mol)
        LJ (SR)   Coulomb (SR)   Coul. recip.      Potential    Kinetic En.
    1.64800e+04   -1.78406e+05    5.79425e+02   -1.61346e+05    2.88822e+04
   Total Energy  Conserved En.    Temperature Pressure (bar)
   -1.32464e+05   -1.57986e+05    2.98008e+02   -1.42253e+03


DD  step 39999  vol min/aver 0.958  load imb.: force  2.1%
           Step           Time
          40000       40.00000

   Energies (kJ/mol)
        LJ (SR)   Coulomb (SR)   Coul. recip.      Potential    Kinetic En.
    1.67859e+04   -1.78703e+05    5.77596e+02   -1.61340e+05    2.91284e+04
   Total Energy  Conserved En.    Temperature Pressure (bar)
   -1.32211e+05   -1.57987e+05    3.00548e+02   -1.27186e+03


DD  step 40999  vol min/aver 0.960  load imb.: force  2.3%
           Step           Time
          41000       41.00000

   Energies (kJ/mol)
        LJ (SR)   Coulomb (SR)   Coul. recip.      Potential    Kinetic En.
    1.71633e+04   -1.79200e+05    5.45772e+02   -1.61490e+05    2.89924e+04
   Total Energy  Conserved En.    Temperature Pressure (bar)
   -1.32498e+05   -1.57988e+05    2.99145e+02   -1.11118e+03


DD  step 41999  vol min/aver 0.966  load imb.: force  2.0%
           Step           Time
          42000       42.00000

   Energies (kJ/mol)
        LJ (SR)   Coulomb (SR)   Coul. recip.      Potential    Kinetic En.
    1.71066e+04   -1.78918e+05    5.97779e+02   -1.61214e+05    2.88813e+04
   Total Energy  Conserved En.    Temperature Pressure (bar)
   -1.32333e+05   -1.57989e+05    2.97998e+02   -1.06705e+03


DD  step 42999  vol min/aver 0.945  load imb.: force  2.8%
           Step           Time
          43000       43.00000

   Energies (kJ/mol)
        LJ (SR)   Coulomb (SR)   Coul. recip.      Potential    Kinetic En.
    1.72211e+04   -1.79070e+05    5.64939e+02   -1.61284e+05    2.89624e+04
   Total Energy  Conserved En.    Temperature Pressure (bar)
   -1.32321e+05   -1.57990e+05    2.98836e+02   -1.05275e+03


DD  step 43999  vol min/aver 0.948  load imb.: force  2.4%
           Step           Time
          44000       44.00000

   Energies (kJ/mol)
        LJ (SR)   Coulomb (SR)   Coul. recip.      Potential    Kinetic En.
    1.64722e+04   -1.78689e+05    5.93211e+02   -1.61624e+05    2.92832e+04
   Total Energy  Conserved En.    Temperature Pressure (bar)
   -1.32341e+05   -1.57991e+05    3.02145e+02   -1.42303e+03


DD  step 44999  vol min/aver 0.940  load imb.: force  1.4%
           Step           Time
          45000       45.00000

   Energies (kJ/mol)
        LJ (SR)   Coulomb (SR)   Coul. recip.      Potential    Kinetic En.
    1.77357e+04   -1.79331e+05    5.75682e+02   -1.61020e+05    2.88307e+04
   Total Energy  Conserved En.    Temperature Pressure (bar)
   -1.32189e+05   -1.57992e+05    2.97476e+02   -7.49931e+02


DD  step 45999  vol min/aver 0.937  load imb.: force  3.7%
           Step           Time
          46000       46.00000

   Energies (kJ/mol)
        LJ (SR)   Coulomb (SR)   Coul. recip.      Potential    Kinetic En.
    1.72854e+04   -1.79348e+05    5.71171e+02   -1.61492e+05    2.88459e+04
   Total Energy  Conserved En.    Temperature Pressure (bar)
   -1.32646e+05   -1.57992e+05    2.97634e+02   -1.09697e+03


DD  step 46999  vol min/aver 0.970  load imb.: force  2.9%
           Step           Time
          47000       47.00000

   Energies (kJ/mol)
        LJ (SR)   Coulomb (SR)   Coul. recip.      Potential    Kinetic En.
    1.69099e+04   -1.79076e+05    5.23288e+02   -1.61643e+05    2.94502e+04
   Total Energy  Conserved En.    Temperature Pressure (bar)
   -1.32193e+05   -1.57995e+05    3.03868e+02   -1.28157e+03


DD  step 47999  vol min/aver 0.965  load imb.: force  1.8%
           Step           Time
          48000       48.00000

   Energies (kJ/mol)
        LJ (SR)   Coulomb (SR)   Coul. recip.      Potential    Kinetic En.
    1.73908e+04   -1.79598e+05    5.87778e+02   -1.61620e+05    2.89607e+04
   Total Energy  Conserved En.    Temperature Pressure (bar)
   -1.32659e+05   -1.57994e+05    2.98818e+02   -1.00577e+03


DD  step 48999  vol min/aver 0.969  load imb.: force  1.5%
           Step           Time
          49000       49.00000

   Energies (kJ/mol)
        LJ (SR)   Coulomb (SR)   Coul. recip.      Potential    Kinetic En.
    1.72264e+04   -1.78953e+05    5.74539e+02   -1.61152e+05    2.90720e+04
   Total Energy  Conserved En.    Temperature Pressure (bar)
   -1.32080e+05   -1.57996e+05    2.99966e+02   -1.02355e+03


DD  step 49999  vol min/aver 0.953  load imb.: force  1.6%
           Step           Time
          50000       50.00000

   Energies (kJ/mol)
        LJ (SR)   Coulomb (SR)   Coul. recip.      Potential    Kinetic En.
    1.71982e+04   -1.79428e+05    5.43961e+02   -1.61686e+05    2.95132e+04
   Total Energy  Conserved En.    Temperature Pressure (bar)
   -1.32173e+05   -1.57997e+05    3.04518e+02   -1.12566e+03


DD  step 50999  vol min/aver 0.936  load imb.: force  1.9%
           Step           Time
          51000       51.00000

   Energies (kJ/mol)
        LJ (SR)   Coulomb (SR)   Coul. recip.      Potential    Kinetic En.
    1.72710e+04   -1.79001e+05    5.55075e+02   -1.61175e+05    2.90802e+04
   Total Energy  Conserved En.    Temperature Pressure (bar)
   -1.32095e+05   -1.57997e+05    3.00051e+02   -1.00321e+03


DD  step 51999  vol min/aver 0.957  load imb.: force  2.4%
           Step           Time
          52000       52.00000

   Energies (kJ/mol)
        LJ (SR)   Coulomb (SR)   Coul. recip.      Potential    Kinetic En.
    1.62313e+04   -1.77515e+05    5.48610e+02   -1.60735e+05    2.92912e+04
   Total Energy  Conserved En.    Temperature Pressure (bar)
   -1.31444e+05   -1.57999e+05    3.02228e+02   -1.41433e+03


DD  step 52999  vol min/aver 0.953  load imb.: force  2.9%
           Step           Time
          53000       53.00000

   Energies (kJ/mol)
        LJ (SR)   Coulomb (SR)   Coul. recip.      Potential    Kinetic En.
    1.65776e+04   -1.78116e+05    5.73236e+02   -1.60965e+05    2.93697e+04
   Total Energy  Conserved En.    Temperature Pressure (bar)
   -1.31596e+05   -1.57999e+05    3.03038e+02   -1.27948e+03


DD  step 53999  vol min/aver 0.962  load imb.: force  2.8%
           Step           Time
          54000       54.00000

   Energies (kJ/mol)
        LJ (SR)   Coulomb (SR)   Coul. recip.      Potential    Kinetic En.
    1.69454e+04   -1.78612e+05    5.70252e+02   -1.61097e+05    2.96475e+04
   Total Energy  Conserved En.    Temperature Pressure (bar)
   -1.31449e+05   -1.58000e+05    3.05904e+02   -1.14434e+03


DD  step 54999  vol min/aver 0.964  load imb.: force  1.9%
           Step           Time
          55000       55.00000

   Energies (kJ/mol)
        LJ (SR)   Coulomb (SR)   Coul. recip.      Potential    Kinetic En.
    1.68524e+04   -1.78136e+05    5.87460e+02   -1.60696e+05    2.94687e+04
   Total Energy  Conserved En.    Temperature Pressure (bar)
   -1.31228e+05   -1.58001e+05    3.04059e+02   -1.11180e+03


DD  step 55999  vol min/aver 0.970  load imb.: force  2.6%
           Step           Time
          56000       56.00000

   Energies (kJ/mol)
        LJ (SR)   Coulomb (SR)   Coul. recip.      Potential    Kinetic En.
    1.71873e+04   -1.78993e+05    5.65246e+02   -1.61240e+05    2.93485e+04
   Total Energy  Conserved En.    Temperature Pressure (bar)
   -1.31892e+05   -1.58003e+05    3.02820e+02   -1.05411e+03


DD  step 56999  vol min/aver 0.955  load imb.: force  2.1%
           Step           Time
          57000       57.00000

   Energies (kJ/mol)
        LJ (SR)   Coulomb (SR)   Coul. recip.      Potential    Kinetic En.
    1.72136e+04   -1.79242e+05    5.73487e+02   -1.61455e+05    2.90539e+04
   Total Energy  Conserved En.    Temperature Pressure (bar)
   -1.32401e+05   -1.58003e+05    2.99780e+02   -1.02987e+03


DD  step 57999  vol min/aver 0.953  load imb.: force  2.1%
           Step           Time
          58000       58.00000

   Energies (kJ/mol)
        LJ (SR)   Coulomb (SR)   Coul. recip.      Potential    Kinetic En.
    1.71613e+04   -1.79465e+05    5.65148e+02   -1.61738e+05    2.90282e+04
   Total Energy  Conserved En.    Temperature Pressure (bar)
   -1.32710e+05   -1.58003e+05    2.99514e+02   -1.11771e+03


DD  step 58999  vol min/aver 0.949  load imb.: force  2.3%
           Step           Time
          59000       59.00000

   Energies (kJ/mol)
        LJ (SR)   Coulomb (SR)   Coul. recip.      Potential    Kinetic En.
    1.69992e+04   -1.79335e+05    5.78781e+02   -1.61758e+05    2.90045e+04
   Total Energy  Conserved En.    Temperature Pressure (bar)
   -1.32753e+05   -1.58004e+05    2.99269e+02   -1.29446e+03


DD  step 59999  vol min/aver 0.957  load imb.: force  2.3%
           Step           Time
          60000       60.00000

   Energies (kJ/mol)
        LJ (SR)   Coulomb (SR)   Coul. recip.      Potential    Kinetic En.
    1.74975e+04   -1.79835e+05    5.48269e+02   -1.61789e+05    2.87567e+04
   Total Energy  Conserved En.    Temperature Pressure (bar)
   -1.33032e+05   -1.58005e+05    2.96713e+02   -9.98075e+02


DD  step 60999  vol min/aver 0.946  load imb.: force  1.3%
           Step           Time
          61000       61.00000

   Energies (kJ/mol)
        LJ (SR)   Coulomb (SR)   Coul. recip.      Potential    Kinetic En.
    1.74957e+04   -1.79464e+05    5.97821e+02   -1.61370e+05    2.85753e+04
   Total Energy  Conserved En.    Temperature Pressure (bar)
   -1.32795e+05   -1.58004e+05    2.94842e+02   -9.02559e+02


DD  step 61999  vol min/aver 0.964  load imb.: force  2.4%
           Step           Time
          62000       62.00000

   Energies (kJ/mol)
        LJ (SR)   Coulomb (SR)   Coul. recip.      Potential    Kinetic En.
    1.73755e+04   -1.79269e+05    5.92147e+02   -1.61302e+05    2.88478e+04
   Total Energy  Conserved En.    Temperature Pressure (bar)
   -1.32454e+05   -1.58007e+05    2.97654e+02   -9.78505e+02


DD  step 62999  vol min/aver 0.944  load imb.: force  1.9%
           Step           Time
          63000       63.00000

   Energies (kJ/mol)
        LJ (SR)   Coulomb (SR)   Coul. recip.      Potential    Kinetic En.
    1.75304e+04   -1.79685e+05    5.69358e+02   -1.61585e+05    2.91671e+04
   Total Energy  Conserved En.    Temperature Pressure (bar)
   -1.32418e+05   -1.58007e+05    3.00948e+02   -9.28502e+02


DD  step 63999  vol min/aver 0.929  load imb.: force  2.7%
           Step           Time
          64000       64.00000

   Energies (kJ/mol)
        LJ (SR)   Coulomb (SR)   Coul. recip.      Potential    Kinetic En.
    1.77025e+04   -1.79469e+05    5.51619e+02   -1.61215e+05    2.91724e+04
   Total Energy  Conserved En.    Temperature Pressure (bar)
   -1.32043e+05   -1.58007e+05    3.01002e+02   -7.85395e+02


DD  step 64999  vol min/aver 0.957  load imb.: force  3.5%
           Step           Time
          65000       65.00000

   Energies (kJ/mol)
        LJ (SR)   Coulomb (SR)   Coul. recip.      Potential    Kinetic En.
    1.73559e+04   -1.78995e+05    5.95548e+02   -1.61043e+05    2.91967e+04
   Total Energy  Conserved En.    Temperature Pressure (bar)
   -1.31846e+05   -1.58009e+05    3.01253e+02   -9.45565e+02


DD  step 65999  vol min/aver 0.973  load imb.: force  1.6%
           Step           Time
          66000       66.00000

   Energies (kJ/mol)
        LJ (SR)   Coulomb (SR)   Coul. recip.      Potential    Kinetic En.
    1.69771e+04   -1.78740e+05    5.76827e+02   -1.61187e+05    2.89754e+04
   Total Energy  Conserved En.    Temperature Pressure (bar)
   -1.32211e+05   -1.58010e+05    2.98970e+02   -1.10091e+03


DD  step 66999  vol min/aver 0.946  load imb.: force  1.1%
           Step           Time
          67000       67.00000

   Energies (kJ/mol)
        LJ (SR)   Coulomb (SR)   Coul. recip.      Potential    Kinetic En.
    1.76934e+04   -1.79451e+05    5.52218e+02   -1.61205e+05    2.89561e+04
   Total Energy  Conserved En.    Temperature Pressure (bar)
   -1.32249e+05   -1.58010e+05    2.98771e+02   -8.06117e+02


DD  step 67999  vol min/aver 0.943  load imb.: force  2.2%
           Step           Time
          68000       68.00000

   Energies (kJ/mol)
        LJ (SR)   Coulomb (SR)   Coul. recip.      Potential    Kinetic En.
    1.70646e+04   -1.78952e+05    5.68291e+02   -1.61319e+05    2.87420e+04
   Total Energy  Conserved En.    Temperature Pressure (bar)
   -1.32577e+05   -1.58011e+05    2.96561e+02   -1.14278e+03


DD  step 68999  vol min/aver 0.958  load imb.: force  3.0%
           Step           Time
          69000       69.00000

   Energies (kJ/mol)
        LJ (SR)   Coulomb (SR)   Coul. recip.      Potential    Kinetic En.
    1.68722e+04   -1.78384e+05    5.71367e+02   -1.60940e+05    2.88382e+04
   Total Energy  Conserved En.    Temperature Pressure (bar)
   -1.32102e+05   -1.58012e+05    2.97554e+02   -1.17282e+03


DD  step 69999  vol min/aver 0.946  load imb.: force  1.2%
           Step           Time
          70000       70.00000

   Energies (kJ/mol)
        LJ (SR)   Coulomb (SR)   Coul. recip.      Potential    Kinetic En.
    1.68139e+04   -1.78983e+05    5.74973e+02   -1.61594e+05    2.96248e+04
   Total Energy  Conserved En.    Temperature Pressure (bar)
   -1.31970e+05   -1.58014e+05    3.05670e+02   -1.26502e+03


DD  step 70999  vol min/aver 0.974  load imb.: force  2.3%
           Step           Time
          71000       71.00000

   Energies (kJ/mol)
        LJ (SR)   Coulomb (SR)   Coul. recip.      Potential    Kinetic En.
    1.71754e+04   -1.79336e+05    5.75056e+02   -1.61586e+05    2.91576e+04
   Total Energy  Conserved En.    Temperature Pressure (bar)
   -1.32428e+05   -1.58015e+05    3.00849e+02   -1.11284e+03


DD  step 71999  vol min/aver 0.963  load imb.: force  1.4%
           Step           Time
          72000       72.00000

   Energies (kJ/mol)
        LJ (SR)   Coulomb (SR)   Coul. recip.      Potential    Kinetic En.
    1.70639e+04   -1.78918e+05    5.46783e+02   -1.61308e+05    2.89574e+04
   Total Energy  Conserved En.    Temperature Pressure (bar)
   -1.32350e+05   -1.58015e+05    2.98784e+02   -1.12415e+03


DD  step 72999  vol min/aver 0.941  load imb.: force  3.1%
           Step           Time
          73000       73.00000

   Energies (kJ/mol)
        LJ (SR)   Coulomb (SR)   Coul. recip.      Potential    Kinetic En.
    1.68572e+04   -1.78990e+05    5.69959e+02   -1.61563e+05    2.90418e+04
   Total Energy  Conserved En.    Temperature Pressure (bar)
   -1.32521e+05   -1.58018e+05    2.99655e+02   -1.24898e+03


DD  step 73999  vol min/aver 0.968  load imb.: force  2.9%
           Step           Time
          74000       74.00000

   Energies (kJ/mol)
        LJ (SR)   Coulomb (SR)   Coul. recip.      Potential    Kinetic En.
    1.71064e+04   -1.79015e+05    5.69047e+02   -1.61340e+05    2.89986e+04
   Total Energy  Conserved En.    Temperature Pressure (bar)
   -1.32341e+05   -1.58018e+05    2.99209e+02   -1.14130e+03


DD  step 74999  vol min/aver 0.952  load imb.: force  2.9%
           Step           Time
          75000       75.00000

   Energies (kJ/mol)
        LJ (SR)   Coulomb (SR)   Coul. recip.      Potential    Kinetic En.
    1.65079e+04   -1.78754e+05    5.55177e+02   -1.61691e+05    2.90196e+04
   Total Energy  Conserved En.    Temperature Pressure (bar)
   -1.32671e+05   -1.58020e+05    2.99425e+02   -1.41967e+03


DD  step 75999  vol min/aver 0.961  load imb.: force  3.9%
           Step           Time
          76000       76.00000

   Energies (kJ/mol)
        LJ (SR)   Coulomb (SR)   Coul. recip.      Potential    Kinetic En.
    1.77639e+04   -1.79290e+05    5.69612e+02   -1.60956e+05    2.88048e+04
   Total Energy  Conserved En.    Temperature Pressure (bar)
   -1.32152e+05   -1.58018e+05    2.97210e+02   -6.79772e+02


DD  step 76999  vol min/aver 0.941  load imb.: force  3.2%
           Step           Time
          77000       77.00000

   Energies (kJ/mol)
        LJ (SR)   Coulomb (SR)   Coul. recip.      Potential    Kinetic En.
    1.69393e+04   -1.78913e+05    5.75800e+02   -1.61398e+05    2.86747e+04
   Total Energy  Conserved En.    Temperature Pressure (bar)
   -1.32723e+05   -1.58022e+05    2.95867e+02   -1.19491e+03


DD  step 77999  vol min/aver 0.939  load imb.: force  1.7%
           Step           Time
          78000       78.00000

   Energies (kJ/mol)
        LJ (SR)   Coulomb (SR)   Coul. recip.      Potential    Kinetic En.
    1.65263e+04   -1.78269e+05    5.84173e+02   -1.61159e+05    2.90878e+04
   Total Energy  Conserved En.    Temperature Pressure (bar)
   -1.32071e+05   -1.58021e+05    3.00130e+02   -1.31160e+03


DD  step 78999  vol min/aver 0.935  load imb.: force  1.2%
           Step           Time
          79000       79.00000

   Energies (kJ/mol)
        LJ (SR)   Coulomb (SR)   Coul. recip.      Potential    Kinetic En.
    1.78198e+04   -1.79844e+05    5.34766e+02   -1.61490e+05    2.86488e+04
   Total Energy  Conserved En.    Temperature Pressure (bar)
   -1.32841e+05   -1.58021e+05    2.95600e+02   -7.82602e+02


DD  step 79999  vol min/aver 0.938  load imb.: force  2.1%
           Step           Time
          80000       80.00000

   Energies (kJ/mol)
        LJ (SR)   Coulomb (SR)   Coul. recip.      Potential    Kinetic En.
    1.71710e+04   -1.79074e+05    5.19977e+02   -1.61383e+05    2.90939e+04
   Total Energy  Conserved En.    Temperature Pressure (bar)
   -1.32289e+05   -1.58025e+05    3.00192e+02   -1.08087e+03


DD  step 80999  vol min/aver 0.951  load imb.: force  6.3%
           Step           Time
          81000       81.00000

   Energies (kJ/mol)
        LJ (SR)   Coulomb (SR)   Coul. recip.      Potential    Kinetic En.
    1.66076e+04   -1.78565e+05    5.57969e+02   -1.61400e+05    2.89801e+04
   Total Energy  Conserved En.    Temperature Pressure (bar)
   -1.32419e+05   -1.58025e+05    2.99018e+02   -1.35376e+03


DD  step 81999  vol min/aver 0.952  load imb.: force  2.4%
           Step           Time
          82000       82.00000

   Energies (kJ/mol)
        LJ (SR)   Coulomb (SR)   Coul. recip.      Potential    Kinetic En.
    1.68644e+04   -1.78460e+05    5.86391e+02   -1.61009e+05    2.90092e+04
   Total Energy  Conserved En.    Temperature Pressure (bar)
   -1.32000e+05   -1.58024e+05    2.99318e+02   -1.17969e+03


DD  step 82999  vol min/aver 0.942  load imb.: force  4.0%
           Step           Time
          83000       83.00000

   Energies (kJ/mol)
        LJ (SR)   Coulomb (SR)   Coul. recip.      Potential    Kinetic En.
    1.72599e+04   -1.78871e+05    5.96920e+02   -1.61014e+05    2.88624e+04
   Total Energy  Conserved En.    Temperature Pressure (bar)
   -1.32152e+05   -1.58026e+05    2.97804e+02   -9.97614e+02


DD  step 83999  vol min/aver 0.947  load imb.: force  2.6%
           Step           Time
          84000       84.00000

   Energies (kJ/mol)
        LJ (SR)   Coulomb (SR)   Coul. recip.      Potential    Kinetic En.
    1.79818e+04   -1.79827e+05    5.70048e+02   -1.61275e+05    2.90590e+04
   Total Energy  Conserved En.    Temperature Pressure (bar)
   -1.32216e+05   -1.58028e+05    2.99833e+02   -6.44630e+02


DD  step 84999  vol min/aver 0.974  load imb.: force  2.6%
           Step           Time
          85000       85.00000

   Energies (kJ/mol)
        LJ (SR)   Coulomb (SR)   Coul. recip.      Potential    Kinetic En.
    1.70195e+04   -1.78938e+05    6.08956e+02   -1.61310e+05    2.88839e+04
   Total Energy  Conserved En.    Temperature Pressure (bar)
   -1.32426e+05   -1.58028e+05    2.98026e+02   -1.15026e+03


DD  step 85999  vol min/aver 0.967  load imb.: force  1.6%
           Step           Time
          86000       86.00000

   Energies (kJ/mol)
        LJ (SR)   Coulomb (SR)   Coul. recip.      Potential    Kinetic En.
    1.70523e+04   -1.78849e+05    5.78714e+02   -1.61218e+05    2.88005e+04
   Total Energy  Conserved En.    Temperature Pressure (bar)
   -1.32417e+05   -1.58028e+05    2.97165e+02   -1.11453e+03


DD  step 86999  vol min/aver 0.960  load imb.: force  1.9%
           Step           Time
          87000       87.00000

   Energies (kJ/mol)
        LJ (SR)   Coulomb (SR)   Coul. recip.      Potential    Kinetic En.
    1.69047e+04   -1.79009e+05    5.39154e+02   -1.61565e+05    2.91100e+04
   Total Energy  Conserved En.    Temperature Pressure (bar)
   -1.32455e+05   -1.58031e+05    3.00358e+02   -1.23762e+03


DD  step 87999  vol min/aver 0.938  load imb.: force  1.6%
           Step           Time
          88000       88.00000

   Energies (kJ/mol)
        LJ (SR)   Coulomb (SR)   Coul. recip.      Potential    Kinetic En.
    1.74308e+04   -1.79287e+05    5.23411e+02   -1.61332e+05    2.92852e+04
   Total Energy  Conserved En.    Temperature Pressure (bar)
   -1.32047e+05   -1.58032e+05    3.02166e+02   -9.59393e+02


DD  step 88999  vol min/aver 0.916  load imb.: force  2.9%
           Step           Time
          89000       89.00000

   Energies (kJ/mol)
        LJ (SR)   Coulomb (SR)   Coul. recip.      Potential    Kinetic En.
    1.72874e+04   -1.79200e+05    6.12826e+02   -1.61300e+05    2.89608e+04
   Total Energy  Conserved En.    Temperature Pressure (bar)
   -1.32339e+05   -1.58032e+05    2.98819e+02   -1.01737e+03


DD  step 89999  vol min/aver 0.927  load imb.: force  2.6%
           Step           Time
          90000       90.00000

   Energies (kJ/mol)
        LJ (SR)   Coulomb (SR)   Coul. recip.      Potential    Kinetic En.
    1.74343e+04   -1.79285e+05    5.50558e+02   -1.61300e+05    2.89759e+04
   Total Energy  Conserved En.    Temperature Pressure (bar)
   -1.32324e+05   -1.58032e+05    2.98975e+02   -9.19006e+02


DD  step 90999  vol min/aver 0.960  load imb.: force  3.2%
           Step           Time
          91000       91.00000

   Energies (kJ/mol)
        LJ (SR)   Coulomb (SR)   Coul. recip.      Potential    Kinetic En.
    1.76529e+04   -1.79699e+05    5.84995e+02   -1.61462e+05    2.86426e+04
   Total Energy  Conserved En.    Temperature Pressure (bar)
   -1.32819e+05   -1.58033e+05    2.95536e+02   -9.02157e+02


DD  step 91999  vol min/aver 0.975  load imb.: force  1.9%
           Step           Time
          92000       92.00000

   Energies (kJ/mol)
        LJ (SR)   Coulomb (SR)   Coul. recip.      Potential    Kinetic En.
    1.72508e+04   -1.79662e+05    5.73596e+02   -1.61837e+05    2.87559e+04
   Total Energy  Conserved En.    Temperature Pressure (bar)
   -1.33081e+05   -1.58034e+05    2.96705e+02   -1.12820e+03


DD  step 92999  vol min/aver 0.953  load imb.: force  1.1%
           Step           Time
          93000       93.00000

   Energies (kJ/mol)
        LJ (SR)   Coulomb (SR)   Coul. recip.      Potential    Kinetic En.
    1.73454e+04   -1.79524e+05    5.57995e+02   -1.61620e+05    2.88700e+04
   Total Energy  Conserved En.    Temperature Pressure (bar)
   -1.32750e+05   -1.58035e+05    2.97883e+02   -1.05796e+03


DD  step 93999  vol min/aver 0.948  load imb.: force  2.3%
           Step           Time
          94000       94.00000

   Energies (kJ/mol)
        LJ (SR)   Coulomb (SR)   Coul. recip.      Potential    Kinetic En.
    1.71199e+04   -1.79386e+05    5.78361e+02   -1.61687e+05    2.93395e+04
   Total Energy  Conserved En.    Temperature Pressure (bar)
   -1.32348e+05   -1.58036e+05    3.02726e+02   -1.13324e+03


DD  step 94999  vol min/aver 0.969  load imb.: force  2.3%
           Step           Time
          95000       95.00000

   Energies (kJ/mol)
        LJ (SR)   Coulomb (SR)   Coul. recip.      Potential    Kinetic En.
    1.68967e+04   -1.78741e+05    5.31966e+02   -1.61312e+05    2.95074e+04
   Total Energy  Conserved En.    Temperature Pressure (bar)
   -1.31805e+05   -1.58038e+05    3.04459e+02   -1.18031e+03


DD  step 95999  vol min/aver 0.964  load imb.: force  1.9%
           Step           Time
          96000       96.00000

   Energies (kJ/mol)
        LJ (SR)   Coulomb (SR)   Coul. recip.      Potential    Kinetic En.
    1.72979e+04   -1.79752e+05    5.71883e+02   -1.61882e+05    2.96840e+04
   Total Energy  Conserved En.    Temperature Pressure (bar)
   -1.32198e+05   -1.58039e+05    3.06281e+02   -1.10483e+03


DD  step 96999  vol min/aver 0.961  load imb.: force  2.1%
           Step           Time
          97000       97.00000

   Energies (kJ/mol)
        LJ (SR)   Coulomb (SR)   Coul. recip.      Potential    Kinetic En.
    1.70965e+04   -1.79449e+05    5.49709e+02   -1.61803e+05    2.98386e+04
   Total Energy  Conserved En.    Temperature Pressure (bar)
   -1.31964e+05   -1.58041e+05    3.07877e+02   -1.14032e+03


DD  step 97999  vol min/aver 0.961  load imb.: force  1.6%
           Step           Time
          98000       98.00000

   Energies (kJ/mol)
        LJ (SR)   Coulomb (SR)   Coul. recip.      Potential    Kinetic En.
    1.69786e+04   -1.78397e+05    6.07511e+02   -1.60811e+05    2.93634e+04
   Total Energy  Conserved En.    Temperature Pressure (bar)
   -1.31448e+05   -1.58041e+05    3.02973e+02   -1.07202e+03


DD  step 98999  vol min/aver 0.942  load imb.: force  2.4%
           Step           Time
          99000       99.00000

   Energies (kJ/mol)
        LJ (SR)   Coulomb (SR)   Coul. recip.      Potential    Kinetic En.
    1.67500e+04   -1.78860e+05    5.79931e+02   -1.61531e+05    2.91058e+04
   Total Energy  Conserved En.    Temperature Pressure (bar)
   -1.32425e+05   -1.58042e+05    3.00315e+02   -1.31818e+03


DD  step 99999  vol min/aver 0.956  load imb.: force  2.0%
           Step           Time
         100000      100.00000

   Energies (kJ/mol)
        LJ (SR)   Coulomb (SR)   Coul. recip.      Potential    Kinetic En.
    1.75819e+04   -1.79798e+05    5.66563e+02   -1.61649e+05    2.93419e+04
   Total Energy  Conserved En.    Temperature Pressure (bar)
   -1.32307e+05   -1.58044e+05    3.02751e+02   -9.46386e+02


DD  step 100999  vol min/aver 0.956  load imb.: force  2.2%
           Step           Time
         101000      101.00000

   Energies (kJ/mol)
        LJ (SR)   Coulomb (SR)   Coul. recip.      Potential    Kinetic En.
    1.77163e+04   -1.79713e+05    5.53538e+02   -1.61444e+05    2.91571e+04
   Total Energy  Conserved En.    Temperature Pressure (bar)
   -1.32286e+05   -1.58043e+05    3.00844e+02   -8.12389e+02


DD  step 101999  vol min/aver 0.970  load imb.: force  1.6%
           Step           Time
         102000      102.00000

   Energies (kJ/mol)
        LJ (SR)   Coulomb (SR)   Coul. recip.      Potential    Kinetic En.
    1.67944e+04   -1.79300e+05    5.35742e+02   -1.61970e+05    2.90065e+04
   Total Energy  Conserved En.    Temperature Pressure (bar)
   -1.32963e+05   -1.58046e+05    2.99290e+02   -1.31312e+03


DD  step 102999  vol min/aver 0.954  load imb.: force  2.5%
           Step           Time
         103000      103.00000

   Energies (kJ/mol)
        LJ (SR)   Coulomb (SR)   Coul. recip.      Potential    Kinetic En.
    1.76946e+04   -1.79904e+05    5.45254e+02   -1.61665e+05    2.88960e+04
   Total Energy  Conserved En.    Temperature Pressure (bar)
   -1.32769e+05   -1.58045e+05    2.98151e+02   -9.00219e+02


DD  step 103999  vol min/aver 0.949  load imb.: force  2.5%
           Step           Time
         104000      104.00000

   Energies (kJ/mol)
        LJ (SR)   Coulomb (SR)   Coul. recip.      Potential    Kinetic En.
    1.75760e+04   -1.79422e+05    5.55473e+02   -1.61290e+05    2.90396e+04
   Total Energy  Conserved En.    Temperature Pressure (bar)
   -1.32251e+05   -1.58046e+05    2.99632e+02   -8.81659e+02


DD  step 104999  vol min/aver 0.957  load imb.: force  2.5%
           Step           Time
         105000      105.00000

   Energies (kJ/mol)
        LJ (SR)   Coulomb (SR)   Coul. recip.      Potential    Kinetic En.
    1.72222e+04   -1.78971e+05    5.40269e+02   -1.61208e+05    2.92723e+04
   Total Energy  Conserved En.    Temperature Pressure (bar)
   -1.31936e+05   -1.58046e+05    3.02033e+02   -1.02456e+03


DD  step 105999  vol min/aver 0.961  load imb.: force  3.5%
           Step           Time
         106000      106.00000

   Energies (kJ/mol)
        LJ (SR)   Coulomb (SR)   Coul. recip.      Potential    Kinetic En.
    1.68744e+04   -1.78799e+05    5.87362e+02   -1.61337e+05    2.92040e+04
   Total Energy  Conserved En.    Temperature Pressure (bar)
   -1.32133e+05   -1.58049e+05    3.01329e+02   -1.20814e+03


DD  step 106999  vol min/aver 0.971  load imb.: force  2.9%
           Step           Time
         107000      107.00000

   Energies (kJ/mol)
        LJ (SR)   Coulomb (SR)   Coul. recip.      Potential    Kinetic En.
    1.74034e+04   -1.79416e+05    5.66193e+02   -1.61446e+05    2.89675e+04
   Total Energy  Conserved En.    Temperature Pressure (bar)
   -1.32478e+05   -1.58048e+05    2.98888e+02   -1.01860e+03


DD  step 107999  vol min/aver 0.924  load imb.: force  2.0%
           Step           Time
         108000      108.00000

   Energies (kJ/mol)
        LJ (SR)   Coulomb (SR)   Coul. recip.      Potential    Kinetic En.
    1.70844e+04   -1.79464e+05    6.02625e+02   -1.61777e+05    2.90447e+04
   Total Energy  Conserved En.    Temperature Pressure (bar)
   -1.32732e+05   -1.58050e+05    2.99685e+02   -1.17934e+03


DD  step 108999  vol min/aver 0.965  load imb.: force  2.6%
           Step           Time
         109000      109.00000

   Energies (kJ/mol)
        LJ (SR)   Coulomb (SR)   Coul. recip.      Potential    Kinetic En.
    1.77131e+04   -1.80030e+05    5.83328e+02   -1.61733e+05    2.88998e+04
   Total Energy  Conserved En.    Temperature Pressure (bar)
   -1.32833e+05   -1.58050e+05    2.98190e+02   -8.84506e+02


DD  step 109999  vol min/aver 0.960  load imb.: force  1.6%
           Step           Time
         110000      110.00000

   Energies (kJ/mol)
        LJ (SR)   Coulomb (SR)   Coul. recip.      Potential    Kinetic En.
    1.73303e+04   -1.79353e+05    5.58950e+02   -1.61464e+05    2.89784e+04
   Total Energy  Conserved En.    Temperature Pressure (bar)
   -1.32486e+05   -1.58052e+05    2.99000e+02   -1.03725e+03


DD  step 110999  vol min/aver 0.966  load imb.: force  3.5%
           Step           Time
         111000      111.00000

   Energies (kJ/mol)
        LJ (SR)   Coulomb (SR)   Coul. recip.      Potential    Kinetic En.
    1.74306e+04   -1.79472e+05    5.53741e+02   -1.61487e+05    2.89089e+04
   Total Energy  Conserved En.    Temperature Pressure (bar)
   -1.32578e+05   -1.58054e+05    2.98284e+02   -9.43756e+02


DD  step 111999  vol min/aver 0.951  load imb.: force  3.0%
           Step           Time
         112000      112.00000

   Energies (kJ/mol)
        LJ (SR)   Coulomb (SR)   Coul. recip.      Potential    Kinetic En.
    1.73732e+04   -1.79483e+05    6.05911e+02   -1.61504e+05    2.89987e+04
   Total Energy  Conserved En.    Temperature Pressure (bar)
   -1.32505e+05   -1.58054e+05    2.99210e+02   -9.89323e+02


DD  step 112999  vol min/aver 0.941  load imb.: force  4.1%
           Step           Time
         113000      113.00000

   Energies (kJ/mol)
        LJ (SR)   Coulomb (SR)   Coul. recip.      Potential    Kinetic En.
    1.68423e+04   -1.78510e+05    6.10541e+02   -1.61057e+05    2.87715e+04
   Total Energy  Conserved En.    Temperature Pressure (bar)
   -1.32285e+05   -1.58054e+05    2.96865e+02   -1.14463e+03


DD  step 113999  vol min/aver 0.968  load imb.: force  2.5%
           Step           Time
         114000      114.00000

   Energies (kJ/mol)
        LJ (SR)   Coulomb (SR)   Coul. recip.      Potential    Kinetic En.
    1.69651e+04   -1.79159e+05    5.56667e+02   -1.61637e+05    2.93836e+04
   Total Energy  Conserved En.    Temperature Pressure (bar)
   -1.32253e+05   -1.58058e+05    3.03181e+02   -1.14716e+03


DD  step 114999  vol min/aver 0.964  load imb.: force  2.7%
           Step           Time
         115000      115.00000

   Energies (kJ/mol)
        LJ (SR)   Coulomb (SR)   Coul. recip.      Potential    Kinetic En.
    1.67555e+04   -1.78548e+05    5.30387e+02   -1.61262e+05    2.83127e+04
   Total Energy  Conserved En.    Temperature Pressure (bar)
   -1.32950e+05   -1.58058e+05    2.92131e+02   -1.32015e+03


DD  step 115999  vol min/aver 0.961  load imb.: force  1.8%
           Step           Time
         116000      116.00000

   Energies (kJ/mol)
        LJ (SR)   Coulomb (SR)   Coul. recip.      Potential    Kinetic En.
    1.74138e+04   -1.79230e+05    5.33161e+02   -1.61283e+05    2.88038e+04
   Total Energy  Conserved En.    Temperature Pressure (bar)
   -1.32480e+05   -1.58058e+05    2.97199e+02   -9.42493e+02


DD  step 116999  vol min/aver 0.926  load imb.: force  2.7%
           Step           Time
         117000      117.00000

   Energies (kJ/mol)
        LJ (SR)   Coulomb (SR)   Coul. recip.      Potential    Kinetic En.
    1.69452e+04   -1.79371e+05    5.88569e+02   -1.61838e+05    2.90207e+04
   Total Energy  Conserved En.    Temperature Pressure (bar)
   -1.32817e+05   -1.58059e+05    2.99437e+02   -1.21320e+03


DD  step 117999  vol min/aver 0.951  load imb.: force  2.7%
           Step           Time
         118000      118.00000

   Energies (kJ/mol)
        LJ (SR)   Coulomb (SR)   Coul. recip.      Potential    Kinetic En.
    1.68059e+04   -1.78343e+05    5.81057e+02   -1.60957e+05    2.89880e+04
   Total Energy  Conserved En.    Temperature Pressure (bar)
   -1.31969e+05   -1.58059e+05    2.99099e+02   -1.21771e+03


DD  step 118999  vol min/aver 0.954  load imb.: force  2.5%
           Step           Time
         119000      119.00000

   Energies (kJ/mol)
        LJ (SR)   Coulomb (SR)   Coul. recip.      Potential    Kinetic En.
    1.67968e+04   -1.78505e+05    5.86986e+02   -1.61121e+05    2.93437e+04
   Total Energy  Conserved En.    Temperature Pressure (bar)
   -1.31777e+05   -1.58061e+05    3.02769e+02   -1.18120e+03


DD  step 119999  vol min/aver 0.968  load imb.: force  2.5%
           Step           Time
         120000      120.00000

   Energies (kJ/mol)
        LJ (SR)   Coulomb (SR)   Coul. recip.      Potential    Kinetic En.
    1.68917e+04   -1.78432e+05    5.66939e+02   -1.60973e+05    2.90339e+04
   Total Energy  Conserved En.    Temperature Pressure (bar)
   -1.31940e+05   -1.58060e+05    2.99573e+02   -1.12398e+03


DD  step 120999  vol min/aver 0.956  load imb.: force  2.1%
           Step           Time
         121000      121.00000

   Energies (kJ/mol)
        LJ (SR)   Coulomb (SR)   Coul. recip.      Potential    Kinetic En.
    1.76478e+04   -1.79553e+05    5.82444e+02   -1.61322e+05    2.92479e+04
   Total Energy  Conserved En.    Temperature Pressure (bar)
   -1.32074e+05   -1.58063e+05    3.01781e+02   -8.66225e+02


DD  step 121999  vol min/aver 0.958  load imb.: force  3.0%
           Step           Time
         122000      122.00000

   Energies (kJ/mol)
        LJ (SR)   Coulomb (SR)   Coul. recip.      Potential    Kinetic En.
    1.72375e+04   -1.79423e+05    5.70052e+02   -1.61615e+05    2.94624e+04
   Total Energy  Conserved En.    Temperature Pressure (bar)
   -1.32153e+05   -1.58063e+05    3.03995e+02   -1.08069e+03


DD  step 122999  vol min/aver 0.948  load imb.: force  3.5%
           Step           Time
         123000      123.00000

   Energies (kJ/mol)
        LJ (SR)   Coulomb (SR)   Coul. recip.      Potential    Kinetic En.
    1.74500e+04   -1.79662e+05    5.57630e+02   -1.61655e+05    2.90922e+04
   Total Energy  Conserved En.    Temperature Pressure (bar)
   -1.32563e+05   -1.58064e+05    3.00175e+02   -1.01145e+03


DD  step 123999  vol min/aver 0.928  load imb.: force  2.0%
           Step           Time
         124000      124.00000

   Energies (kJ/mol)
        LJ (SR)   Coulomb (SR)   Coul. recip.      Potential    Kinetic En.
    1.67836e+04   -1.78952e+05    5.77383e+02   -1.61591e+05    2.88934e+04
   Total Energy  Conserved En.    Temperature Pressure (bar)
   -1.32698e+05   -1.58066e+05    2.98123e+02   -1.32683e+03


DD  step 124999  vol min/aver 0.953  load imb.: force  1.3%
           Step           Time
         125000      125.00000

Writing checkpoint, step 125000 at Thu Sep 26 16:00:40 2024


   Energies (kJ/mol)
        LJ (SR)   Coulomb (SR)   Coul. recip.      Potential    Kinetic En.
    1.69919e+04   -1.79093e+05    5.05263e+02   -1.61596e+05    2.88194e+04
   Total Energy  Conserved En.    Temperature Pressure (bar)
   -1.32777e+05   -1.58067e+05    2.97360e+02   -1.20306e+03


Energy conservation over simulation part #1 of length 125 ps, time 0 to 125 ps
  Conserved energy drift: -5.27e-05 kJ/mol/ps per atom


	<======  ###############  ==>
	<====  A V E R A G E S  ====>
	<==  ###############  ======>

	Statistics over 125001 steps using 1251 frames

   Energies (kJ/mol)
        LJ (SR)   Coulomb (SR)   Coul. recip.      Potential    Kinetic En.
    1.72344e+04   -1.79600e+05    5.62260e+02   -1.61804e+05    2.88665e+04
   Total Energy  Conserved En.    Temperature Pressure (bar)
   -1.32937e+05   -1.58007e+05    2.97846e+02   -1.12159e+03

   Total Virial (kJ/mol)
    1.38344e+04   -5.53381e+00   -1.60813e+01
   -5.42394e+00    1.38371e+04   -7.42928e-01
   -1.59418e+01   -7.61328e-01    1.38594e+04

   Pressure (bar)
   -1.11947e+03   -2.10415e-01    3.90795e+00
   -2.39607e-01   -1.11834e+03   -1.44242e+00
    3.87091e+00   -1.43753e+00   -1.12695e+03


	M E G A - F L O P S   A C C O U N T I N G

 NB=Group-cutoff nonbonded kernels    NxN=N-by-N cluster Verlet kernels
 RF=Reaction-Field  VdW=Van der Waals  QSTab=quadratic-spline table
 W3=SPC/TIP3p  W4=TIP4p (single or pairs)
 V&F=Potential and force  V=Potential only  F=Force only

 Computing:                               M-Number         M-Flops  % Flops
-----------------------------------------------------------------------------
 Pair Search distance check            8115.880982       73042.929     0.1
 NxN Ewald Elec. + LJ [F]           1176271.763040    91749197.517    94.1
 NxN Ewald Elec. + LJ [V&F]           11891.005264     1533939.679     1.6
 NxN Ewald Elec. [F]                  10606.061664      646969.762     0.7
 NxN Ewald Elec. [V&F]                  107.217136        9006.239     0.0
 Calc Weights                          4369.159953      157289.758     0.2
 Spread Q Bspline                     93208.745664      186417.491     0.2
 Gather F Bspline                     93208.745664      559252.474     0.6
 3D-FFT                              299631.897036     2397055.176     2.5
 Solve PME                              441.003528       28224.226     0.0
 Reset In Box                            14.575401          43.726     0.0
 CG-CoM                                  14.587052          43.761     0.0
 Virial                                  15.138351         272.490     0.0
 Stop-CM                                 14.587052         145.871     0.0
 Calc-Ekin                               29.150802         787.072     0.0
 Constraint-V                          1454.648274       13091.834     0.0
 Constraint-Vir                          14.557887         349.389     0.0
 Settle                                 484.886637      179408.056     0.2
-----------------------------------------------------------------------------
 Total                                                97534537.451   100.0
-----------------------------------------------------------------------------


    D O M A I N   D E C O M P O S I T I O N   S T A T I S T I C S

 av. #atoms communicated per step for force:  2 x 29473.2


Dynamic load balancing report:
 DLB was turned on during the run due to measured imbalance.
 Average load imbalance: 2.4%.
 The balanceable part of the MD step is 81%, load imbalance is computed from this.
 Part of the total run time spent waiting due to load imbalance: 1.9%.
 Steps where the load balancing was limited by -rdd, -rcon and/or -dds: X 0 % Y 0 %


      R E A L   C Y C L E   A N D   T I M E   A C C O U N T I N G

On 10 MPI ranks

 Activity:              Num   Num      Call    Wall time         Giga-Cycles
                        Ranks Threads  Count      (s)         total sum    %
--------------------------------------------------------------------------------
 Domain decomp.           10    1       1251       0.916         26.489   0.3
 DD comm. load            10    1       1250       0.004          0.127   0.0
 DD comm. bounds          10    1       1249       0.084          2.434   0.0
 Neighbor search          10    1       1251       2.599         75.188   1.0
 Comm. coord.             10    1     123750       1.954         56.543   0.7
 Force                    10    1     125001     209.730       6067.898  79.7
 Wait + Comm. F           10    1     125001       1.964         56.836   0.7
 PME mesh                 10    1     125001      41.351       1196.369  15.7
 NB X/F buffer ops.       10    1     372501       2.192         63.412   0.8
 Write traj.              10    1         26       0.021          0.614   0.0
 Update                   10    1     125001       0.484         13.991   0.2
 Constraints              10    1     125003       1.181         34.178   0.4
 Comm. energies           10    1       1251       0.209          6.033   0.1
 Rest                                              0.426         12.321   0.2
--------------------------------------------------------------------------------
 Total                                           263.115       7612.433 100.0
--------------------------------------------------------------------------------
 Breakdown of PME mesh activities
--------------------------------------------------------------------------------
 PME redist. X/F          10    1     250002       9.568        276.819   3.6
 PME spread               10    1     125001       7.995        231.319   3.0
 PME gather               10    1     125001       5.574        161.268   2.1
 PME 3D-FFT               10    1     250002      13.076        378.323   5.0
 PME 3D-FFT Comm.         10    1     500004       3.744        108.327   1.4
 PME solve Elec           10    1     125001       1.286         37.195   0.5
--------------------------------------------------------------------------------

               Core t (s)   Wall t (s)        (%)
       Time:     2631.144      263.115     1000.0
                 (ns/day)    (hour/ns)
Performance:       41.047        0.585
Finished mdrun on rank 0 Thu Sep 26 16:00:40 2024

