                      :-) GROMACS - gmx mdrun, 2021.3 (-:

                            GROMACS is written by:
     Andrey Alekseenko              Emile Apol              Rossen Apostolov     
         Paul Bauer           Herman J.C. Berendsen           Par Bjelkmar       
       Christian Blau           Viacheslav Bolnykh             Kevin Boyd        
     Aldert van Buuren           Rudi van Drunen             Anton Feenstra      
    Gilles Gouaillardet             Alan Gray               Gerrit Groenhof      
       Anca Hamuraru            Vincent Hindriksen          M. Eric Irrgang      
      Aleksei Iupinov           Christoph Junghans             Joe Jordan        
    Dimitrios Karkoulis            Peter Kasson                Jiri Kraus        
      Carsten Kutzner              Per Larsson              Justin A. Lemkul     
       Viveca Lindahl            Magnus Lundborg             Erik Marklund       
        Pascal Merz             Pieter Meulenhoff            Teemu Murtola       
        Szilard Pall               Sander Pronk              Roland Schulz       
       Michael Shirts            Alexey Shvetsov             Alfons Sijbers      
       Peter Tieleman              Jon Vincent              Teemu Virolainen     
     Christian Wennberg            Maarten Wolf              Artem Zhmurov       
                           and the project leaders:
        Mark Abraham, Berk Hess, Erik Lindahl, and David van der Spoel

Copyright (c) 1991-2000, University of Groningen, The Netherlands.
Copyright (c) 2001-2019, The GROMACS development team at
Uppsala University, Stockholm University and
the Royal Institute of Technology, Sweden.
check out http://www.gromacs.org for more information.

GROMACS is free software; you can redistribute it and/or modify it
under the terms of the GNU Lesser General Public License
as published by the Free Software Foundation; either version 2.1
of the License, or (at your option) any later version.

GROMACS:      gmx mdrun, version 2021.3
Executable:   /public/software/apps/gromacs/gcc_withoutmpi_cuda/2021.3/bin/gmx
Data prefix:  /public/software/apps/gromacs/gcc_withoutmpi_cuda/2021.3
Working dir:  /work/home/acrxatjvah/apps/amber22/tmp/tmp
Process ID:   50635
Command line:
  gmx mdrun -v -deffnm npt

GROMACS version:    2021.3
Verified release checksum is c5bf577cc74de0e05106b7b6426476abb7f6530be7b4a2c64f637d6a6eca8fcb
Precision:          mixed
Memory model:       64 bit
MPI library:        thread_mpi
OpenMP support:     enabled (GMX_OPENMP_MAX_THREADS = 64)
GPU support:        CUDA
SIMD instructions:  AVX2_256
FFT library:        fftw-3.3.9-sse2-avx-avx2-avx2_128
RDTSCP usage:       enabled
TNG support:        enabled
Hwloc support:      disabled
Tracing support:    disabled
C compiler:         /public/software/compiler/gnu/7.2.0/bin/gcc GNU 7.2.0
C compiler flags:   -mavx2 -mfma -Wno-missing-field-initializers -fexcess-precision=fast -funroll-all-loops -O3 -DNDEBUG
C++ compiler:       /public/software/compiler/gnu/7.2.0/bin/c++ GNU 7.2.0
C++ compiler flags: -mavx2 -mfma -Wno-missing-field-initializers -fexcess-precision=fast -funroll-all-loops -fopenmp -O3 -DNDEBUG
CUDA compiler:      /public/software/compiler/nvidia/cuda/11.4.0/bin/nvcc nvcc: NVIDIA (R) Cuda compiler driver;Copyright (c) 2005-2021 NVIDIA Corporation;Built on Wed_Jun__2_19:15:15_PDT_2021;Cuda compilation tools, release 11.4, V11.4.48;Build cuda_11.4.r11.4/compiler.30033411_0
CUDA compiler flags:-std=c++14;-gencode;arch=compute_35,code=sm_35;-gencode;arch=compute_37,code=sm_37;-gencode;arch=compute_50,code=sm_50;-gencode;arch=compute_52,code=sm_52;-gencode;arch=compute_60,code=sm_60;-gencode;arch=compute_61,code=sm_61;-gencode;arch=compute_70,code=sm_70;-gencode;arch=compute_75,code=sm_75;-gencode;arch=compute_80,code=sm_80;-Wno-deprecated-gpu-targets;-gencode;arch=compute_86,code=sm_86;-gencode;arch=compute_35,code=compute_35;-gencode;arch=compute_53,code=compute_53;-gencode;arch=compute_80,code=compute_80;-use_fast_math;;-mavx2 -mfma -Wno-missing-field-initializers -fexcess-precision=fast -funroll-all-loops -fopenmp -O3 -DNDEBUG
CUDA driver:        12.10
CUDA runtime:       11.40


Running on 1 node with total 64 cores, 64 logical cores, 1 compatible GPU
Hardware detected:
  CPU info:
    Vendor: Hygon
    Brand:  Hygon C86 7185 32-core Processor               
    Family: 24   Model: 0   Stepping: 1
    Features: apic avx avx2 clfsh cmov cx8 cx16 f16c fma htt lahf misalignsse mmx msr nonstop_tsc pdpe1gb popcnt pse rdrnd rdtscp sse2 sse3 sse4a sse4.1 sse4.2 ssse3 hygon
  Hardware topology: Only logical processor count
  GPU info:
    Number of GPUs detected: 1
    #0: NVIDIA NVIDIA GeForce RTX 3080, compute cap.: 8.6, ECC:  no, stat: compatible


++++ PLEASE READ AND CITE THE FOLLOWING REFERENCE ++++
M. J. Abraham, T. Murtola, R. Schulz, S. Páll, J. C. Smith, B. Hess, E.
Lindahl
GROMACS: High performance molecular simulations through multi-level
parallelism from laptops to supercomputers
SoftwareX 1 (2015) pp. 19-25
-------- -------- --- Thank You --- -------- --------


++++ PLEASE READ AND CITE THE FOLLOWING REFERENCE ++++
S. Páll, M. J. Abraham, C. Kutzner, B. Hess, E. Lindahl
Tackling Exascale Software Challenges in Molecular Dynamics Simulations with
GROMACS
In S. Markidis & E. Laure (Eds.), Solving Software Challenges for Exascale 8759 (2015) pp. 3-27
-------- -------- --- Thank You --- -------- --------


++++ PLEASE READ AND CITE THE FOLLOWING REFERENCE ++++
S. Pronk, S. Páll, R. Schulz, P. Larsson, P. Bjelkmar, R. Apostolov, M. R.
Shirts, J. C. Smith, P. M. Kasson, D. van der Spoel, B. Hess, and E. Lindahl
GROMACS 4.5: a high-throughput and highly parallel open source molecular
simulation toolkit
Bioinformatics 29 (2013) pp. 845-54
-------- -------- --- Thank You --- -------- --------


++++ PLEASE READ AND CITE THE FOLLOWING REFERENCE ++++
B. Hess and C. Kutzner and D. van der Spoel and E. Lindahl
GROMACS 4: Algorithms for highly efficient, load-balanced, and scalable
molecular simulation
J. Chem. Theory Comput. 4 (2008) pp. 435-447
-------- -------- --- Thank You --- -------- --------


++++ PLEASE READ AND CITE THE FOLLOWING REFERENCE ++++
D. van der Spoel, E. Lindahl, B. Hess, G. Groenhof, A. E. Mark and H. J. C.
Berendsen
GROMACS: Fast, Flexible and Free
J. Comp. Chem. 26 (2005) pp. 1701-1719
-------- -------- --- Thank You --- -------- --------


++++ PLEASE READ AND CITE THE FOLLOWING REFERENCE ++++
E. Lindahl and B. Hess and D. van der Spoel
GROMACS 3.0: A package for molecular simulation and trajectory analysis
J. Mol. Mod. 7 (2001) pp. 306-317
-------- -------- --- Thank You --- -------- --------


++++ PLEASE READ AND CITE THE FOLLOWING REFERENCE ++++
H. J. C. Berendsen, D. van der Spoel and R. van Drunen
GROMACS: A message-passing parallel molecular dynamics implementation
Comp. Phys. Comm. 91 (1995) pp. 43-56
-------- -------- --- Thank You --- -------- --------


++++ PLEASE CITE THE DOI FOR THIS VERSION OF GROMACS ++++
https://doi.org/10.5281/zenodo.5053201
-------- -------- --- Thank You --- -------- --------

Input Parameters:
   integrator                     = md
   tinit                          = 0
   dt                             = 0.002
   nsteps                         = 50000
   init-step                      = 0
   simulation-part                = 1
   mts                            = false
   comm-mode                      = Linear
   nstcomm                        = 100
   bd-fric                        = 0
   ld-seed                        = -1124074658
   emtol                          = 10
   emstep                         = 0.01
   niter                          = 20
   fcstep                         = 0
   nstcgsteep                     = 1000
   nbfgscorr                      = 10
   rtpi                           = 0.05
   nstxout                        = 500
   nstvout                        = 500
   nstfout                        = 0
   nstlog                         = 500
   nstcalcenergy                  = 100
   nstenergy                      = 500
   nstxout-compressed             = 0
   compressed-x-precision         = 1000
   cutoff-scheme                  = Verlet
   nstlist                        = 10
   pbc                            = xyz
   periodic-molecules             = false
   verlet-buffer-tolerance        = 0.005
   rlist                          = 1
   coulombtype                    = PME
   coulomb-modifier               = Potential-shift
   rcoulomb-switch                = 0
   rcoulomb                       = 1
   epsilon-r                      = 1
   epsilon-rf                     = inf
   vdw-type                       = Cut-off
   vdw-modifier                   = Potential-shift
   rvdw-switch                    = 0
   rvdw                           = 1
   DispCorr                       = EnerPres
   table-extension                = 1
   fourierspacing                 = 0.16
   fourier-nx                     = 28
   fourier-ny                     = 28
   fourier-nz                     = 28
   pme-order                      = 4
   ewald-rtol                     = 1e-05
   ewald-rtol-lj                  = 0.001
   lj-pme-comb-rule               = Geometric
   ewald-geometry                 = 0
   epsilon-surface                = 0
   tcoupl                         = V-rescale
   nsttcouple                     = 10
   nh-chain-length                = 0
   print-nose-hoover-chain-variables = false
   pcoupl                         = Parrinello-Rahman
   pcoupltype                     = Isotropic
   nstpcouple                     = 10
   tau-p                          = 2
   compressibility (3x3):
      compressibility[    0]={ 4.50000e-05,  0.00000e+00,  0.00000e+00}
      compressibility[    1]={ 0.00000e+00,  4.50000e-05,  0.00000e+00}
      compressibility[    2]={ 0.00000e+00,  0.00000e+00,  4.50000e-05}
   ref-p (3x3):
      ref-p[    0]={ 1.00000e+00,  0.00000e+00,  0.00000e+00}
      ref-p[    1]={ 0.00000e+00,  1.00000e+00,  0.00000e+00}
      ref-p[    2]={ 0.00000e+00,  0.00000e+00,  1.00000e+00}
   refcoord-scaling               = COM
   posres-com (3):
      posres-com[0]= 5.06598e-01
      posres-com[1]= 4.99328e-01
      posres-com[2]= 4.98669e-01
   posres-comB (3):
      posres-comB[0]= 5.06598e-01
      posres-comB[1]= 4.99328e-01
      posres-comB[2]= 4.98669e-01
   QMMM                           = false
qm-opts:
   ngQM                           = 0
   constraint-algorithm           = Lincs
   continuation                   = true
   Shake-SOR                      = false
   shake-tol                      = 0.0001
   lincs-order                    = 4
   lincs-iter                     = 1
   lincs-warnangle                = 30
   nwall                          = 0
   wall-type                      = 9-3
   wall-r-linpot                  = -1
   wall-atomtype[0]               = -1
   wall-atomtype[1]               = -1
   wall-density[0]                = 0
   wall-density[1]                = 0
   wall-ewald-zfac                = 3
   pull                           = false
   awh                            = false
   rotation                       = false
   interactiveMD                  = false
   disre                          = No
   disre-weighting                = Conservative
   disre-mixed                    = false
   dr-fc                          = 1000
   dr-tau                         = 0
   nstdisreout                    = 100
   orire-fc                       = 0
   orire-tau                      = 0
   nstorireout                    = 100
   free-energy                    = no
   cos-acceleration               = 0
   deform (3x3):
      deform[    0]={ 0.00000e+00,  0.00000e+00,  0.00000e+00}
      deform[    1]={ 0.00000e+00,  0.00000e+00,  0.00000e+00}
      deform[    2]={ 0.00000e+00,  0.00000e+00,  0.00000e+00}
   simulated-tempering            = false
   swapcoords                     = no
   userint1                       = 0
   userint2                       = 0
   userint3                       = 0
   userint4                       = 0
   userreal1                      = 0
   userreal2                      = 0
   userreal3                      = 0
   userreal4                      = 0
   applied-forces:
     electric-field:
       x:
         E0                       = 0
         omega                    = 0
         t0                       = 0
         sigma                    = 0
       y:
         E0                       = 0
         omega                    = 0
         t0                       = 0
         sigma                    = 0
       z:
         E0                       = 0
         omega                    = 0
         t0                       = 0
         sigma                    = 0
     density-guided-simulation:
       active                     = false
       group                      = protein
       similarity-measure         = inner-product
       atom-spreading-weight      = unity
       force-constant             = 1e+09
       gaussian-transform-spreading-width = 0.2
       gaussian-transform-spreading-range-in-multiples-of-width = 4
       reference-density-filename = reference.mrc
       nst                        = 1
       normalize-densities        = true
       adaptive-force-scaling     = false
       adaptive-force-scaling-time-constant = 4
       shift-vector               = 
       transformation-matrix      = 
grpopts:
   nrdf:     715.852     13809.1
   ref-t:         300         300
   tau-t:         0.1         0.1
annealing:          No          No
annealing-npoints:           0           0
   acc:	           0           0           0
   nfreeze:           N           N           N
   energygrp-flags[  0]: 0

Changing nstlist from 10 to 100, rlist from 1 to 1.167

1 GPU selected for this run.
Mapping of GPU IDs to the 2 GPU tasks in the 1 rank on this node:
  PP:0,PME:0
PP tasks will do (non-perturbed) short-ranged interactions on the GPU
PP task will update and constrain coordinates on the CPU
PME tasks will do all aspects on the GPU
Using 1 MPI thread

Non-default thread affinity set, disabling internal thread affinity

Using 64 OpenMP threads 

System total charge: -0.000
Will do PME sum in reciprocal space for electrostatic interactions.

++++ PLEASE READ AND CITE THE FOLLOWING REFERENCE ++++
U. Essmann, L. Perera, M. L. Berkowitz, T. Darden, H. Lee and L. G. Pedersen 
A smooth particle mesh Ewald method
J. Chem. Phys. 103 (1995) pp. 8577-8592
-------- -------- --- Thank You --- -------- --------

Using a Gaussian width (1/beta) of 0.320163 nm for Ewald
Potential shift: LJ r^-12: -1.000e+00 r^-6: -1.000e+00, Ewald -1.000e-05
Initialized non-bonded Ewald tables, spacing: 9.33e-04 size: 1073

Generated table with 1083 data points for 1-4 COUL.
Tabscale = 500 points/nm
Generated table with 1083 data points for 1-4 LJ6.
Tabscale = 500 points/nm
Generated table with 1083 data points for 1-4 LJ12.
Tabscale = 500 points/nm
Long Range LJ corr.: <C6> 3.0996e-04


Using GPU 8x8 nonbonded short-range kernels

Using a dual 8x8 pair-list setup updated with dynamic, rolling pruning:
  outer list: updated every 100 steps, buffer 0.167 nm, rlist 1.167 nm
  inner list: updated every  10 steps, buffer 0.002 nm, rlist 1.002 nm
At tolerance 0.005 kJ/mol/ps per atom, equivalent classical 1x1 list would be:
  outer list: updated every 100 steps, buffer 0.319 nm, rlist 1.319 nm
  inner list: updated every  10 steps, buffer 0.043 nm, rlist 1.043 nm

Using geometric Lennard-Jones combination rule

Initializing LINear Constraint Solver

++++ PLEASE READ AND CITE THE FOLLOWING REFERENCE ++++
B. Hess and H. Bekker and H. J. C. Berendsen and J. G. E. M. Fraaije
LINCS: A Linear Constraint Solver for molecular simulations
J. Comp. Chem. 18 (1997) pp. 1463-1472
-------- -------- --- Thank You --- -------- --------

The number of constraints is 136

++++ PLEASE READ AND CITE THE FOLLOWING REFERENCE ++++
S. Miyamoto and P. A. Kollman
SETTLE: An Analytical Version of the SHAKE and RATTLE Algorithms for Rigid
Water Models
J. Comp. Chem. 13 (1992) pp. 952-962
-------- -------- --- Thank You --- -------- --------


++++ PLEASE READ AND CITE THE FOLLOWING REFERENCE ++++
G. Bussi, D. Donadio and M. Parrinello
Canonical sampling through velocity rescaling
J. Chem. Phys. 126 (2007) pp. 014101
-------- -------- --- Thank You --- -------- --------

There are: 7190 Atoms
Center of mass motion removal mode is Linear
We have the following groups for center of mass motion removal:
  0:  rest

Started mdrun on rank 0 Thu Sep 26 14:34:06 2024

           Step           Time
              0        0.00000

   Energies (kJ/mol)
           Bond          Angle    Proper Dih. Ryckaert-Bell.          LJ-14
    2.52861e+02    5.54062e+02    2.76406e+01    3.13923e+02    4.19758e+02
     Coulomb-14        LJ (SR)  Disper. corr.   Coulomb (SR)   Coul. recip.
    1.88944e+03    2.01736e+04   -9.21465e+02   -1.34320e+05    6.21332e+02
 Position Rest.      Potential    Kinetic En.   Total Energy  Conserved En.
    1.76462e-02   -1.10989e+05    1.78529e+04   -9.31364e+04   -9.31321e+04
    Temperature Pres. DC (bar) Pressure (bar)   Constr. rmsd
    2.95657e+02   -2.10574e+02   -5.63265e+02    2.03184e-06

           Step           Time
            500        1.00000

   Energies (kJ/mol)
           Bond          Angle    Proper Dih. Ryckaert-Bell.          LJ-14
    2.08161e+02    5.32854e+02    4.66549e+01    2.99092e+02    4.20197e+02
     Coulomb-14        LJ (SR)  Disper. corr.   Coulomb (SR)   Coul. recip.
    1.82690e+03    2.09254e+04   -9.44740e+02   -1.35174e+05    6.54999e+02
 Position Rest.      Potential    Kinetic En.   Total Energy  Conserved En.
    8.88902e+01   -1.11116e+05    1.80959e+04   -9.30197e+04   -9.31318e+04
    Temperature Pres. DC (bar) Pressure (bar)   Constr. rmsd
    2.99682e+02   -2.21333e+02    4.81744e+02    2.33619e-06

           Step           Time
           1000        2.00000

   Energies (kJ/mol)
           Bond          Angle    Proper Dih. Ryckaert-Bell.          LJ-14
    2.47052e+02    5.96097e+02    2.71457e+01    3.11481e+02    3.81904e+02
     Coulomb-14        LJ (SR)  Disper. corr.   Coulomb (SR)   Coul. recip.
    1.83117e+03    2.04660e+04   -9.34746e+02   -1.34406e+05    6.59536e+02
 Position Rest.      Potential    Kinetic En.   Total Energy  Conserved En.
    8.44549e+01   -1.10736e+05    1.81415e+04   -9.25946e+04   -9.31360e+04
    Temperature Pres. DC (bar) Pressure (bar)   Constr. rmsd
    3.00436e+02   -2.16680e+02   -9.97515e+01    2.07270e-06

step 1300: timed with pme grid 28 28 28, coulomb cutoff 1.000: 897.2 M-cycles
step 1500: timed with pme grid 24 24 24, coulomb cutoff 1.087: 882.2 M-cycles
           Step           Time
           1500        3.00000

   Energies (kJ/mol)
           Bond          Angle    Proper Dih. Ryckaert-Bell.          LJ-14
    2.17291e+02    5.87560e+02    2.10907e+01    3.33357e+02    3.86081e+02
     Coulomb-14        LJ (SR)  Disper. corr.   Coulomb (SR)   Coul. recip.
    1.82995e+03    2.09595e+04   -9.31885e+02   -1.35095e+05    2.55567e+02
 Position Rest.      Potential    Kinetic En.   Total Energy  Conserved En.
    8.51675e+01   -1.11352e+05    1.81307e+04   -9.32210e+04   -9.31403e+04
    Temperature Pres. DC (bar) Pressure (bar)   Constr. rmsd
    3.00257e+02   -2.15357e+02   -2.39748e+01    2.42239e-06

step 1700: timed with pme grid 20 20 20, coulomb cutoff 1.305: 745.7 M-cycles
step 1700: the maximum allowed grid scaling limits the PME load balancing to a coulomb cut-off of 1.305
step 1900: timed with pme grid 20 20 20, coulomb cutoff 1.305: 801.7 M-cycles
              optimal pme grid 20 20 20, coulomb cutoff 1.305
           Step           Time
           2000        4.00000

   Energies (kJ/mol)
           Bond          Angle    Proper Dih. Ryckaert-Bell.          LJ-14
    2.25757e+02    6.24161e+02    2.85215e+01    2.88102e+02    3.88184e+02
     Coulomb-14        LJ (SR)  Disper. corr.   Coulomb (SR)   Coul. recip.
    1.81127e+03    2.15529e+04   -9.37058e+02   -1.35725e+05    2.26295e+02
 Position Rest.      Potential    Kinetic En.   Total Energy  Conserved En.
    1.02370e+02   -1.11414e+05    1.81291e+04   -9.32853e+04   -9.31349e+04
    Temperature Pres. DC (bar) Pressure (bar)   Constr. rmsd
    3.00231e+02   -2.17752e+02    8.20827e+02    2.68444e-06

           Step           Time
           2500        5.00000

   Energies (kJ/mol)
           Bond          Angle    Proper Dih. Ryckaert-Bell.          LJ-14
    2.06638e+02    5.53189e+02    2.88052e+01    3.26584e+02    3.91523e+02
     Coulomb-14        LJ (SR)  Disper. corr.   Coulomb (SR)   Coul. recip.
    1.83018e+03    2.03000e+04   -9.30251e+02   -1.34268e+05    2.61795e+02
 Position Rest.      Potential    Kinetic En.   Total Energy  Conserved En.
    7.23046e+01   -1.11227e+05    1.80978e+04   -9.31290e+04   -9.31502e+04
    Temperature Pres. DC (bar) Pressure (bar)   Constr. rmsd
    2.99714e+02   -2.14604e+02   -4.37307e+02    2.42590e-06

           Step           Time
           3000        6.00000

   Energies (kJ/mol)
           Bond          Angle    Proper Dih. Ryckaert-Bell.          LJ-14
    2.23603e+02    6.22361e+02    3.25153e+01    3.09011e+02    4.21589e+02
     Coulomb-14        LJ (SR)  Disper. corr.   Coulomb (SR)   Coul. recip.
    1.86332e+03    2.12668e+04   -9.45292e+02   -1.35384e+05    2.62057e+02
 Position Rest.      Potential    Kinetic En.   Total Energy  Conserved En.
    9.88810e+01   -1.11229e+05    1.84139e+04   -9.28150e+04   -9.31445e+04
    Temperature Pres. DC (bar) Pressure (bar)   Constr. rmsd
    3.04947e+02   -2.21591e+02    7.66616e+02    2.06520e-06

           Step           Time
           3500        7.00000

   Energies (kJ/mol)
           Bond          Angle    Proper Dih. Ryckaert-Bell.          LJ-14
    1.93055e+02    5.74018e+02    4.06796e+01    3.36179e+02    3.84645e+02
     Coulomb-14        LJ (SR)  Disper. corr.   Coulomb (SR)   Coul. recip.
    1.85633e+03    2.07355e+04   -9.35691e+02   -1.35076e+05    2.39673e+02
 Position Rest.      Potential    Kinetic En.   Total Energy  Conserved En.
    6.67272e+01   -1.11585e+05    1.79935e+04   -9.35915e+04   -9.31465e+04
    Temperature Pres. DC (bar) Pressure (bar)   Constr. rmsd
    2.97985e+02   -2.17118e+02   -4.62960e+01    2.34872e-06

           Step           Time
           4000        8.00000

   Energies (kJ/mol)
           Bond          Angle    Proper Dih. Ryckaert-Bell.          LJ-14
    1.97042e+02    6.29721e+02    3.68158e+01    3.38632e+02    3.97959e+02
     Coulomb-14        LJ (SR)  Disper. corr.   Coulomb (SR)   Coul. recip.
    1.80219e+03    1.98513e+04   -9.23185e+02   -1.33236e+05    2.45506e+02
 Position Rest.      Potential    Kinetic En.   Total Energy  Conserved En.
    8.23966e+01   -1.10577e+05    1.83696e+04   -9.22078e+04   -9.31366e+04
    Temperature Pres. DC (bar) Pressure (bar)   Constr. rmsd
    3.04214e+02   -2.11360e+02   -5.32393e+02    2.02446e-06

           Step           Time
           4500        9.00000

   Energies (kJ/mol)
           Bond          Angle    Proper Dih. Ryckaert-Bell.          LJ-14
    2.41995e+02    5.49379e+02    3.98271e+01    2.78434e+02    3.96364e+02
     Coulomb-14        LJ (SR)  Disper. corr.   Coulomb (SR)   Coul. recip.
    1.84288e+03    2.07210e+04   -9.42185e+02   -1.35025e+05    2.53642e+02
 Position Rest.      Potential    Kinetic En.   Total Energy  Conserved En.
    9.07210e+01   -1.11553e+05    1.80572e+04   -9.34954e+04   -9.31320e+04
    Temperature Pres. DC (bar) Pressure (bar)   Constr. rmsd
    2.99041e+02   -2.20139e+02   -2.38213e+01    2.88332e-06

           Step           Time
           5000       10.00000

   Energies (kJ/mol)
           Bond          Angle    Proper Dih. Ryckaert-Bell.          LJ-14
    2.03374e+02    5.55288e+02    3.96643e+01    3.13058e+02    3.80176e+02
     Coulomb-14        LJ (SR)  Disper. corr.   Coulomb (SR)   Coul. recip.
    1.84838e+03    2.08932e+04   -9.41663e+02   -1.35029e+05    2.67844e+02
 Position Rest.      Potential    Kinetic En.   Total Energy  Conserved En.
    1.00559e+02   -1.11369e+05    1.80495e+04   -9.33192e+04   -9.31385e+04
    Temperature Pres. DC (bar) Pressure (bar)   Constr. rmsd
    2.98913e+02   -2.19895e+02    2.02055e+02    2.57640e-06

           Step           Time
           5500       11.00000

   Energies (kJ/mol)
           Bond          Angle    Proper Dih. Ryckaert-Bell.          LJ-14
    1.90054e+02    5.94709e+02    3.47748e+01    3.16038e+02    3.68976e+02
     Coulomb-14        LJ (SR)  Disper. corr.   Coulomb (SR)   Coul. recip.
    1.81669e+03    2.06672e+04   -9.31286e+02   -1.35324e+05    2.84775e+02
 Position Rest.      Potential    Kinetic En.   Total Energy  Conserved En.
    6.75429e+01   -1.11915e+05    1.78460e+04   -9.40686e+04   -9.31350e+04
    Temperature Pres. DC (bar) Pressure (bar)   Constr. rmsd
    2.95543e+02   -2.15081e+02   -3.37456e+02    3.06517e-06

           Step           Time
           6000       12.00000

   Energies (kJ/mol)
           Bond          Angle    Proper Dih. Ryckaert-Bell.          LJ-14
    2.12808e+02    5.57699e+02    3.52379e+01    3.41633e+02    4.00426e+02
     Coulomb-14        LJ (SR)  Disper. corr.   Coulomb (SR)   Coul. recip.
    1.86601e+03    2.07000e+04   -9.36976e+02   -1.35042e+05    2.51277e+02
 Position Rest.      Potential    Kinetic En.   Total Energy  Conserved En.
    1.00644e+02   -1.11513e+05    1.79539e+04   -9.35591e+04   -9.31411e+04
    Temperature Pres. DC (bar) Pressure (bar)   Constr. rmsd
    2.97329e+02   -2.17714e+02    9.92831e+01    3.49338e-06

           Step           Time
           6500       13.00000

   Energies (kJ/mol)
           Bond          Angle    Proper Dih. Ryckaert-Bell.          LJ-14
    2.51785e+02    5.53097e+02    2.96434e+01    3.51353e+02    3.79335e+02
     Coulomb-14        LJ (SR)  Disper. corr.   Coulomb (SR)   Coul. recip.
    1.85249e+03    2.09060e+04   -9.38190e+02   -1.34792e+05    2.61691e+02
 Position Rest.      Potential    Kinetic En.   Total Energy  Conserved En.
    9.85271e+01   -1.11046e+05    1.83763e+04   -9.26702e+04   -9.31363e+04
    Temperature Pres. DC (bar) Pressure (bar)   Constr. rmsd
    3.04324e+02   -2.18278e+02    1.07691e+02    3.05149e-06

           Step           Time
           7000       14.00000

   Energies (kJ/mol)
           Bond          Angle    Proper Dih. Ryckaert-Bell.          LJ-14
    2.80337e+02    5.58341e+02    3.64750e+01    3.22274e+02    3.82173e+02
     Coulomb-14        LJ (SR)  Disper. corr.   Coulomb (SR)   Coul. recip.
    1.81543e+03    2.06735e+04   -9.35229e+02   -1.34778e+05    2.41403e+02
 Position Rest.      Potential    Kinetic En.   Total Energy  Conserved En.
    8.44239e+01   -1.11319e+05    1.83103e+04   -9.30088e+04   -9.31412e+04
    Temperature Pres. DC (bar) Pressure (bar)   Constr. rmsd
    3.03232e+02   -2.16904e+02   -1.64375e+02    4.79443e-06

           Step           Time
           7500       15.00000

   Energies (kJ/mol)
           Bond          Angle    Proper Dih. Ryckaert-Bell.          LJ-14
    2.37954e+02    5.59484e+02    1.92617e+01    3.12366e+02    3.85636e+02
     Coulomb-14        LJ (SR)  Disper. corr.   Coulomb (SR)   Coul. recip.
    1.84224e+03    2.05768e+04   -9.42219e+02   -1.35070e+05    2.44056e+02
 Position Rest.      Potential    Kinetic En.   Total Energy  Conserved En.
    7.54738e+01   -1.11759e+05    1.77986e+04   -9.39606e+04   -9.31345e+04
    Temperature Pres. DC (bar) Pressure (bar)   Constr. rmsd
    2.94758e+02   -2.20155e+02    4.18734e+01    2.42915e-06

           Step           Time
           8000       16.00000

   Energies (kJ/mol)
           Bond          Angle    Proper Dih. Ryckaert-Bell.          LJ-14
    2.27785e+02    5.70704e+02    3.18931e+01    3.06696e+02    3.98097e+02
     Coulomb-14        LJ (SR)  Disper. corr.   Coulomb (SR)   Coul. recip.
    1.82656e+03    2.13497e+04   -9.43251e+02   -1.35647e+05    2.69484e+02
 Position Rest.      Potential    Kinetic En.   Total Energy  Conserved En.
    8.71298e+01   -1.11523e+05    1.78501e+04   -9.36725e+04   -9.31390e+04
    Temperature Pres. DC (bar) Pressure (bar)   Constr. rmsd
    2.95611e+02   -2.20637e+02    5.74137e+02    2.65061e-06

           Step           Time
           8500       17.00000

   Energies (kJ/mol)
           Bond          Angle    Proper Dih. Ryckaert-Bell.          LJ-14
    2.38106e+02    5.22003e+02    3.32269e+01    3.32865e+02    3.87533e+02
     Coulomb-14        LJ (SR)  Disper. corr.   Coulomb (SR)   Coul. recip.
    1.86063e+03    2.03125e+04   -9.35214e+02   -1.34683e+05    2.39177e+02
 Position Rest.      Potential    Kinetic En.   Total Energy  Conserved En.
    8.46208e+01   -1.11607e+05    1.84463e+04   -9.31610e+04   -9.31430e+04
    Temperature Pres. DC (bar) Pressure (bar)   Constr. rmsd
    3.05484e+02   -2.16897e+02   -2.55789e+02    2.68843e-06

           Step           Time
           9000       18.00000

   Energies (kJ/mol)
           Bond          Angle    Proper Dih. Ryckaert-Bell.          LJ-14
    2.54445e+02    6.26074e+02    4.95985e+01    2.96408e+02    3.65039e+02
     Coulomb-14        LJ (SR)  Disper. corr.   Coulomb (SR)   Coul. recip.
    1.82456e+03    1.98454e+04   -9.37326e+02   -1.33153e+05    2.22335e+02
 Position Rest.      Potential    Kinetic En.   Total Energy  Conserved En.
    8.56175e+01   -1.10521e+05    1.83480e+04   -9.21729e+04   -9.31320e+04
    Temperature Pres. DC (bar) Pressure (bar)   Constr. rmsd
    3.03857e+02   -2.17877e+02   -3.77488e+02    2.41749e-06

           Step           Time
           9500       19.00000

   Energies (kJ/mol)
           Bond          Angle    Proper Dih. Ryckaert-Bell.          LJ-14
    2.01283e+02    5.50870e+02    3.36908e+01    3.62226e+02    3.91962e+02
     Coulomb-14        LJ (SR)  Disper. corr.   Coulomb (SR)   Coul. recip.
    1.83085e+03    2.10583e+04   -9.38622e+02   -1.35218e+05    2.57573e+02
 Position Rest.      Potential    Kinetic En.   Total Energy  Conserved En.
    7.83796e+01   -1.11392e+05    1.82042e+04   -9.31873e+04   -9.31319e+04
    Temperature Pres. DC (bar) Pressure (bar)   Constr. rmsd
    3.01475e+02   -2.18479e+02    3.75676e+02    2.31920e-06

           Step           Time
          10000       20.00000

   Energies (kJ/mol)
           Bond          Angle    Proper Dih. Ryckaert-Bell.          LJ-14
    2.68908e+02    6.41067e+02    3.31068e+01    3.33097e+02    3.63442e+02
     Coulomb-14        LJ (SR)  Disper. corr.   Coulomb (SR)   Coul. recip.
    1.81903e+03    2.10233e+04   -9.43156e+02   -1.34890e+05    2.56721e+02
 Position Rest.      Potential    Kinetic En.   Total Energy  Conserved En.
    1.19144e+02   -1.10976e+05    1.77968e+04   -9.31787e+04   -9.31192e+04
    Temperature Pres. DC (bar) Pressure (bar)   Constr. rmsd
    2.94729e+02   -2.20592e+02    3.31339e+02    2.31029e-06

           Step           Time
          10500       21.00000

   Energies (kJ/mol)
           Bond          Angle    Proper Dih. Ryckaert-Bell.          LJ-14
    2.25282e+02    5.70967e+02    3.72312e+01    2.89707e+02    4.09503e+02
     Coulomb-14        LJ (SR)  Disper. corr.   Coulomb (SR)   Coul. recip.
    1.85905e+03    2.11854e+04   -9.43655e+02   -1.35272e+05    2.25396e+02
 Position Rest.      Potential    Kinetic En.   Total Energy  Conserved En.
    9.98583e+01   -1.11314e+05    1.80809e+04   -9.32327e+04   -9.31268e+04
    Temperature Pres. DC (bar) Pressure (bar)   Constr. rmsd
    2.99434e+02   -2.20826e+02    6.80915e+02    2.57724e-06

           Step           Time
          11000       22.00000

   Energies (kJ/mol)
           Bond          Angle    Proper Dih. Ryckaert-Bell.          LJ-14
    1.88292e+02    5.97453e+02    3.72544e+01    3.19566e+02    3.93367e+02
     Coulomb-14        LJ (SR)  Disper. corr.   Coulomb (SR)   Coul. recip.
    1.87792e+03    2.06620e+04   -9.41297e+02   -1.35094e+05    2.63707e+02
 Position Rest.      Potential    Kinetic En.   Total Energy  Conserved En.
    7.96748e+01   -1.11616e+05    1.82909e+04   -9.33246e+04   -9.31374e+04
    Temperature Pres. DC (bar) Pressure (bar)   Constr. rmsd
    3.02911e+02   -2.19725e+02    8.68246e+01    2.34201e-06

           Step           Time
          11500       23.00000

   Energies (kJ/mol)
           Bond          Angle    Proper Dih. Ryckaert-Bell.          LJ-14
    2.14391e+02    5.97176e+02    3.25533e+01    3.37690e+02    4.20761e+02
     Coulomb-14        LJ (SR)  Disper. corr.   Coulomb (SR)   Coul. recip.
    1.87793e+03    2.04737e+04   -9.25302e+02   -1.34698e+05    2.32810e+02
 Position Rest.      Potential    Kinetic En.   Total Energy  Conserved En.
    8.78071e+01   -1.11348e+05    1.83266e+04   -9.30215e+04   -9.31262e+04
    Temperature Pres. DC (bar) Pressure (bar)   Constr. rmsd
    3.03502e+02   -2.12329e+02   -3.25815e+02    2.05811e-06

           Step           Time
          12000       24.00000

   Energies (kJ/mol)
           Bond          Angle    Proper Dih. Ryckaert-Bell.          LJ-14
    2.14621e+02    6.28580e+02    3.22350e+01    3.35762e+02    4.09140e+02
     Coulomb-14        LJ (SR)  Disper. corr.   Coulomb (SR)   Coul. recip.
    1.86078e+03    2.09354e+04   -9.35555e+02   -1.35395e+05    2.44439e+02
 Position Rest.      Potential    Kinetic En.   Total Energy  Conserved En.
    9.48233e+01   -1.11574e+05    1.83909e+04   -9.31835e+04   -9.31223e+04
    Temperature Pres. DC (bar) Pressure (bar)   Constr. rmsd
    3.04566e+02   -2.17055e+02    3.88157e+01    3.76724e-06

           Step           Time
          12500       25.00000

   Energies (kJ/mol)
           Bond          Angle    Proper Dih. Ryckaert-Bell.          LJ-14
    2.04695e+02    5.46929e+02    3.04388e+01    2.78464e+02    3.94127e+02
     Coulomb-14        LJ (SR)  Disper. corr.   Coulomb (SR)   Coul. recip.
    1.87112e+03    2.09189e+04   -9.41682e+02   -1.35595e+05    2.46783e+02
 Position Rest.      Potential    Kinetic En.   Total Energy  Conserved En.
    9.71918e+01   -1.11948e+05    1.80760e+04   -9.38723e+04   -9.31200e+04
    Temperature Pres. DC (bar) Pressure (bar)   Constr. rmsd
    2.99352e+02   -2.19904e+02   -1.20861e+01    2.71515e-06

           Step           Time
          13000       26.00000

   Energies (kJ/mol)
           Bond          Angle    Proper Dih. Ryckaert-Bell.          LJ-14
    2.70177e+02    6.06914e+02    2.81505e+01    2.87970e+02    3.98358e+02
     Coulomb-14        LJ (SR)  Disper. corr.   Coulomb (SR)   Coul. recip.
    1.84789e+03    2.08221e+04   -9.33355e+02   -1.34801e+05    2.73110e+02
 Position Rest.      Potential    Kinetic En.   Total Energy  Conserved En.
    9.21253e+01   -1.11108e+05    1.86212e+04   -9.24863e+04   -9.31292e+04
    Temperature Pres. DC (bar) Pressure (bar)   Constr. rmsd
    3.08381e+02   -2.16037e+02    7.66816e+01    2.71937e-06

           Step           Time
          13500       27.00000

   Energies (kJ/mol)
           Bond          Angle    Proper Dih. Ryckaert-Bell.          LJ-14
    1.78821e+02    5.90378e+02    2.59350e+01    2.72281e+02    4.09257e+02
     Coulomb-14        LJ (SR)  Disper. corr.   Coulomb (SR)   Coul. recip.
    1.83410e+03    2.04426e+04   -9.42037e+02   -1.34734e+05    2.60376e+02
 Position Rest.      Potential    Kinetic En.   Total Energy  Conserved En.
    1.14551e+02   -1.11548e+05    1.81313e+04   -9.34163e+04   -9.31296e+04
    Temperature Pres. DC (bar) Pressure (bar)   Constr. rmsd
    3.00268e+02   -2.20070e+02    7.80552e+01    2.26438e-06

           Step           Time
          14000       28.00000

   Energies (kJ/mol)
           Bond          Angle    Proper Dih. Ryckaert-Bell.          LJ-14
    2.34598e+02    5.67305e+02    2.90357e+01    2.87645e+02    4.17326e+02
     Coulomb-14        LJ (SR)  Disper. corr.   Coulomb (SR)   Coul. recip.
    1.85532e+03    2.06268e+04   -9.38772e+02   -1.34792e+05    2.72428e+02
 Position Rest.      Potential    Kinetic En.   Total Energy  Conserved En.
    1.07226e+02   -1.11333e+05    1.83093e+04   -9.30237e+04   -9.31310e+04
    Temperature Pres. DC (bar) Pressure (bar)   Constr. rmsd
    3.03215e+02   -2.18549e+02    6.20848e+01    2.30181e-06

           Step           Time
          14500       29.00000

   Energies (kJ/mol)
           Bond          Angle    Proper Dih. Ryckaert-Bell.          LJ-14
    2.21688e+02    5.51417e+02    3.54715e+01    3.06153e+02    4.10664e+02
     Coulomb-14        LJ (SR)  Disper. corr.   Coulomb (SR)   Coul. recip.
    1.86320e+03    2.06930e+04   -9.34332e+02   -1.34529e+05    2.55273e+02
 Position Rest.      Potential    Kinetic En.   Total Energy  Conserved En.
    8.58751e+01   -1.11040e+05    1.81938e+04   -9.28463e+04   -9.31320e+04
    Temperature Pres. DC (bar) Pressure (bar)   Constr. rmsd
    3.01303e+02   -2.16489e+02    1.03351e+02    2.40034e-06

           Step           Time
          15000       30.00000

   Energies (kJ/mol)
           Bond          Angle    Proper Dih. Ryckaert-Bell.          LJ-14
    2.56725e+02    5.58121e+02    3.82827e+01    2.89601e+02    3.95218e+02
     Coulomb-14        LJ (SR)  Disper. corr.   Coulomb (SR)   Coul. recip.
    1.82845e+03    2.04414e+04   -9.36644e+02   -1.33969e+05    2.76693e+02
 Position Rest.      Potential    Kinetic En.   Total Energy  Conserved En.
    1.25063e+02   -1.10696e+05    1.82643e+04   -9.24314e+04   -9.31314e+04
    Temperature Pres. DC (bar) Pressure (bar)   Constr. rmsd
    3.02470e+02   -2.17560e+02   -2.23138e+02    1.83881e-06

           Step           Time
          15500       31.00000

   Energies (kJ/mol)
           Bond          Angle    Proper Dih. Ryckaert-Bell.          LJ-14
    2.64001e+02    4.93345e+02    2.92663e+01    2.82380e+02    3.94302e+02
     Coulomb-14        LJ (SR)  Disper. corr.   Coulomb (SR)   Coul. recip.
    1.86332e+03    2.05628e+04   -9.38456e+02   -1.35023e+05    2.51090e+02
 Position Rest.      Potential    Kinetic En.   Total Energy  Conserved En.
    8.45971e+01   -1.11736e+05    1.80074e+04   -9.37289e+04   -9.31325e+04
    Temperature Pres. DC (bar) Pressure (bar)   Constr. rmsd
    2.98216e+02   -2.18402e+02   -3.14783e+02    1.96275e-06

           Step           Time
          16000       32.00000

   Energies (kJ/mol)
           Bond          Angle    Proper Dih. Ryckaert-Bell.          LJ-14
    2.21723e+02    5.41169e+02    2.97889e+01    3.06102e+02    4.00677e+02
     Coulomb-14        LJ (SR)  Disper. corr.   Coulomb (SR)   Coul. recip.
    1.84654e+03    2.15643e+04   -9.47869e+02   -1.36190e+05    2.47209e+02
 Position Rest.      Potential    Kinetic En.   Total Energy  Conserved En.
    8.97855e+01   -1.11891e+05    1.82026e+04   -9.36882e+04   -9.31316e+04
    Temperature Pres. DC (bar) Pressure (bar)   Constr. rmsd
    3.01448e+02   -2.22800e+02    7.71583e+02    2.19930e-06

           Step           Time
          16500       33.00000

   Energies (kJ/mol)
           Bond          Angle    Proper Dih. Ryckaert-Bell.          LJ-14
    2.07757e+02    5.49586e+02    3.03334e+01    3.49347e+02    4.29202e+02
     Coulomb-14        LJ (SR)  Disper. corr.   Coulomb (SR)   Coul. recip.
    1.86608e+03    2.05282e+04   -9.38856e+02   -1.34866e+05    2.44603e+02
 Position Rest.      Potential    Kinetic En.   Total Energy  Conserved En.
    9.88483e+01   -1.11501e+05    1.82074e+04   -9.32940e+04   -9.31314e+04
    Temperature Pres. DC (bar) Pressure (bar)   Constr. rmsd
    3.01528e+02   -2.18588e+02   -5.16973e+01    2.71937e-06

           Step           Time
          17000       34.00000

   Energies (kJ/mol)
           Bond          Angle    Proper Dih. Ryckaert-Bell.          LJ-14
    1.93972e+02    5.51341e+02    2.52730e+01    3.25723e+02    3.97412e+02
     Coulomb-14        LJ (SR)  Disper. corr.   Coulomb (SR)   Coul. recip.
    1.84687e+03    2.07244e+04   -9.37926e+02   -1.35433e+05    2.60151e+02
 Position Rest.      Potential    Kinetic En.   Total Energy  Conserved En.
    6.84978e+01   -1.11977e+05    1.78206e+04   -9.41567e+04   -9.31369e+04
    Temperature Pres. DC (bar) Pressure (bar)   Constr. rmsd
    2.95123e+02   -2.18155e+02    1.03327e+02    2.15135e-06

           Step           Time
          17500       35.00000

   Energies (kJ/mol)
           Bond          Angle    Proper Dih. Ryckaert-Bell.          LJ-14
    1.97331e+02    6.25305e+02    3.08015e+01    3.01301e+02    4.15622e+02
     Coulomb-14        LJ (SR)  Disper. corr.   Coulomb (SR)   Coul. recip.
    1.88284e+03    2.07155e+04   -9.36027e+02   -1.34503e+05    2.48148e+02
 Position Rest.      Potential    Kinetic En.   Total Energy  Conserved En.
    9.65183e+01   -1.10926e+05    1.83110e+04   -9.26147e+04   -9.31509e+04
    Temperature Pres. DC (bar) Pressure (bar)   Constr. rmsd
    3.03243e+02   -2.17274e+02    2.02162e+02    2.22670e-06

           Step           Time
          18000       36.00000

   Energies (kJ/mol)
           Bond          Angle    Proper Dih. Ryckaert-Bell.          LJ-14
    2.02742e+02    6.38947e+02    2.90946e+01    3.01899e+02    4.07478e+02
     Coulomb-14        LJ (SR)  Disper. corr.   Coulomb (SR)   Coul. recip.
    1.87247e+03    2.02823e+04   -9.38065e+02   -1.34715e+05    2.71279e+02
 Position Rest.      Potential    Kinetic En.   Total Energy  Conserved En.
    6.73058e+01   -1.11580e+05    1.84801e+04   -9.30997e+04   -9.31425e+04
    Temperature Pres. DC (bar) Pressure (bar)   Constr. rmsd
    3.06044e+02   -2.18220e+02   -3.69146e+02    2.04986e-06

           Step           Time
          18500       37.00000

   Energies (kJ/mol)
           Bond          Angle    Proper Dih. Ryckaert-Bell.          LJ-14
    1.87352e+02    5.66820e+02    4.11504e+01    3.65213e+02    4.21755e+02
     Coulomb-14        LJ (SR)  Disper. corr.   Coulomb (SR)   Coul. recip.
    1.88121e+03    2.09318e+04   -9.38863e+02   -1.35261e+05    2.44253e+02
 Position Rest.      Potential    Kinetic En.   Total Energy  Conserved En.
    1.00532e+02   -1.11459e+05    1.81735e+04   -9.32859e+04   -9.31493e+04
    Temperature Pres. DC (bar) Pressure (bar)   Constr. rmsd
    3.00967e+02   -2.18591e+02    1.43880e+02    2.86139e-06

           Step           Time
          19000       38.00000

   Energies (kJ/mol)
           Bond          Angle    Proper Dih. Ryckaert-Bell.          LJ-14
    2.27715e+02    5.75075e+02    4.09436e+01    2.98332e+02    3.77844e+02
     Coulomb-14        LJ (SR)  Disper. corr.   Coulomb (SR)   Coul. recip.
    1.84023e+03    2.06900e+04   -9.41933e+02   -1.34475e+05    2.58550e+02
 Position Rest.      Potential    Kinetic En.   Total Energy  Conserved En.
    9.85402e+01   -1.11010e+05    1.84907e+04   -9.25191e+04   -9.31505e+04
    Temperature Pres. DC (bar) Pressure (bar)   Constr. rmsd
    3.06219e+02   -2.20021e+02   -1.33399e+01    3.33084e-06

           Step           Time
          19500       39.00000

   Energies (kJ/mol)
           Bond          Angle    Proper Dih. Ryckaert-Bell.          LJ-14
    2.18253e+02    6.34687e+02    3.22312e+01    3.34537e+02    3.77113e+02
     Coulomb-14        LJ (SR)  Disper. corr.   Coulomb (SR)   Coul. recip.
    1.83956e+03    2.06100e+04   -9.40971e+02   -1.34506e+05    2.69371e+02
 Position Rest.      Potential    Kinetic En.   Total Energy  Conserved En.
    1.00225e+02   -1.11031e+05    1.81901e+04   -9.28414e+04   -9.31512e+04
    Temperature Pres. DC (bar) Pressure (bar)   Constr. rmsd
    3.01242e+02   -2.19572e+02    2.51896e+01    2.69646e-06

           Step           Time
          20000       40.00000

   Energies (kJ/mol)
           Bond          Angle    Proper Dih. Ryckaert-Bell.          LJ-14
    2.35193e+02    5.57541e+02    2.84122e+01    3.32654e+02    3.96796e+02
     Coulomb-14        LJ (SR)  Disper. corr.   Coulomb (SR)   Coul. recip.
    1.87528e+03    2.02732e+04   -9.35488e+02   -1.33654e+05    2.92929e+02
 Position Rest.      Potential    Kinetic En.   Total Energy  Conserved En.
    7.94144e+01   -1.10518e+05    1.86274e+04   -9.18902e+04   -9.31601e+04
    Temperature Pres. DC (bar) Pressure (bar)   Constr. rmsd
    3.08484e+02   -2.17024e+02   -2.61159e+02    2.51103e-06

           Step           Time
          20500       41.00000

   Energies (kJ/mol)
           Bond          Angle    Proper Dih. Ryckaert-Bell.          LJ-14
    2.22761e+02    5.95884e+02    4.89655e+01    3.11155e+02    4.23436e+02
     Coulomb-14        LJ (SR)  Disper. corr.   Coulomb (SR)   Coul. recip.
    1.84631e+03    2.02733e+04   -9.37641e+02   -1.33634e+05    2.51323e+02
 Position Rest.      Potential    Kinetic En.   Total Energy  Conserved En.
    8.85756e+01   -1.10510e+05    1.79370e+04   -9.25725e+04   -9.31465e+04
    Temperature Pres. DC (bar) Pressure (bar)   Constr. rmsd
    2.97051e+02   -2.18023e+02   -1.25852e+02    2.42248e-06

           Step           Time
          21000       42.00000

   Energies (kJ/mol)
           Bond          Angle    Proper Dih. Ryckaert-Bell.          LJ-14
    2.49487e+02    5.90121e+02    2.74247e+01    2.93987e+02    4.00077e+02
     Coulomb-14        LJ (SR)  Disper. corr.   Coulomb (SR)   Coul. recip.
    1.85938e+03    2.00189e+04   -9.37777e+02   -1.34005e+05    2.62568e+02
 Position Rest.      Potential    Kinetic En.   Total Energy  Conserved En.
    8.47429e+01   -1.11157e+05    1.81124e+04   -9.30441e+04   -9.31496e+04
    Temperature Pres. DC (bar) Pressure (bar)   Constr. rmsd
    2.99955e+02   -2.18086e+02   -3.60157e+02    4.13829e-06

           Step           Time
          21500       43.00000

   Energies (kJ/mol)
           Bond          Angle    Proper Dih. Ryckaert-Bell.          LJ-14
    2.43890e+02    5.67346e+02    2.49698e+01    2.95617e+02    3.82836e+02
     Coulomb-14        LJ (SR)  Disper. corr.   Coulomb (SR)   Coul. recip.
    1.85980e+03    2.00102e+04   -9.29352e+02   -1.33480e+05    2.89424e+02
 Position Rest.      Potential    Kinetic En.   Total Energy  Conserved En.
    1.07625e+02   -1.10628e+05    1.81286e+04   -9.24996e+04   -9.31614e+04
    Temperature Pres. DC (bar) Pressure (bar)   Constr. rmsd
    3.00223e+02   -2.14190e+02   -5.96029e+02    3.59822e-06

           Step           Time
          22000       44.00000

   Energies (kJ/mol)
           Bond          Angle    Proper Dih. Ryckaert-Bell.          LJ-14
    2.14246e+02    6.15282e+02    3.12249e+01    3.08143e+02    4.13988e+02
     Coulomb-14        LJ (SR)  Disper. corr.   Coulomb (SR)   Coul. recip.
    1.87242e+03    2.05785e+04   -9.41280e+02   -1.34572e+05    2.72980e+02
 Position Rest.      Potential    Kinetic En.   Total Energy  Conserved En.
    1.31722e+02   -1.11074e+05    1.81521e+04   -9.29223e+04   -9.31480e+04
    Temperature Pres. DC (bar) Pressure (bar)   Constr. rmsd
    3.00611e+02   -2.19717e+02    2.39435e+02    2.10036e-06

           Step           Time
          22500       45.00000

   Energies (kJ/mol)
           Bond          Angle    Proper Dih. Ryckaert-Bell.          LJ-14
    1.89407e+02    5.73813e+02    2.92394e+01    3.34783e+02    3.85412e+02
     Coulomb-14        LJ (SR)  Disper. corr.   Coulomb (SR)   Coul. recip.
    1.85213e+03    2.07259e+04   -9.41033e+02   -1.35401e+05    2.42712e+02
 Position Rest.      Potential    Kinetic En.   Total Energy  Conserved En.
    1.09153e+02   -1.11900e+05    1.80966e+04   -9.38031e+04   -9.31624e+04
    Temperature Pres. DC (bar) Pressure (bar)   Constr. rmsd
    2.99694e+02   -2.19602e+02   -1.92150e+02    2.58365e-06

           Step           Time
          23000       46.00000

   Energies (kJ/mol)
           Bond          Angle    Proper Dih. Ryckaert-Bell.          LJ-14
    2.35497e+02    5.78698e+02    3.28835e+01    3.41865e+02    4.17335e+02
     Coulomb-14        LJ (SR)  Disper. corr.   Coulomb (SR)   Coul. recip.
    1.88192e+03    2.06945e+04   -9.42022e+02   -1.35082e+05    2.36846e+02
 Position Rest.      Potential    Kinetic En.   Total Energy  Conserved En.
    1.30810e+02   -1.11474e+05    1.80206e+04   -9.34534e+04   -9.31602e+04
    Temperature Pres. DC (bar) Pressure (bar)   Constr. rmsd
    2.98434e+02   -2.20063e+02    3.39787e+01    2.42493e-06

           Step           Time
          23500       47.00000

   Energies (kJ/mol)
           Bond          Angle    Proper Dih. Ryckaert-Bell.          LJ-14
    2.11909e+02    5.15366e+02    3.47607e+01    2.91088e+02    4.04192e+02
     Coulomb-14        LJ (SR)  Disper. corr.   Coulomb (SR)   Coul. recip.
    1.87274e+03    2.09285e+04   -9.42133e+02   -1.35337e+05    2.57205e+02
 Position Rest.      Potential    Kinetic En.   Total Energy  Conserved En.
    1.24749e+02   -1.11638e+05    1.76991e+04   -9.39392e+04   -9.31599e+04
    Temperature Pres. DC (bar) Pressure (bar)   Constr. rmsd
    2.93110e+02   -2.20114e+02    1.08812e+02    1.71324e-06

           Step           Time
          24000       48.00000

   Energies (kJ/mol)
           Bond          Angle    Proper Dih. Ryckaert-Bell.          LJ-14
    2.37906e+02    5.64220e+02    2.42780e+01    2.89520e+02    4.03663e+02
     Coulomb-14        LJ (SR)  Disper. corr.   Coulomb (SR)   Coul. recip.
    1.87966e+03    2.07548e+04   -9.40486e+02   -1.35138e+05    2.72206e+02
 Position Rest.      Potential    Kinetic En.   Total Energy  Conserved En.
    1.06614e+02   -1.11545e+05    1.81108e+04   -9.34345e+04   -9.31643e+04
    Temperature Pres. DC (bar) Pressure (bar)   Constr. rmsd
    2.99929e+02   -2.19347e+02    1.37012e+01    2.40314e-06

           Step           Time
          24500       49.00000

   Energies (kJ/mol)
           Bond          Angle    Proper Dih. Ryckaert-Bell.          LJ-14
    2.44713e+02    5.75186e+02    2.93681e+01    2.91983e+02    3.87187e+02
     Coulomb-14        LJ (SR)  Disper. corr.   Coulomb (SR)   Coul. recip.
    1.85098e+03    2.05561e+04   -9.31072e+02   -1.34908e+05    2.47280e+02
 Position Rest.      Potential    Kinetic En.   Total Energy  Conserved En.
    9.67310e+01   -1.11560e+05    1.82920e+04   -9.32680e+04   -9.31558e+04
    Temperature Pres. DC (bar) Pressure (bar)   Constr. rmsd
    3.02928e+02   -2.14982e+02   -2.29686e+02    1.92507e-06

           Step           Time
          25000       50.00000

   Energies (kJ/mol)
           Bond          Angle    Proper Dih. Ryckaert-Bell.          LJ-14
    2.25641e+02    5.15038e+02    3.31142e+01    3.09604e+02    3.84039e+02
     Coulomb-14        LJ (SR)  Disper. corr.   Coulomb (SR)   Coul. recip.
    1.82038e+03    2.11955e+04   -9.39328e+02   -1.35795e+05    2.77298e+02
 Position Rest.      Potential    Kinetic En.   Total Energy  Conserved En.
    1.04297e+02   -1.11870e+05    1.79554e+04   -9.39145e+04   -9.31583e+04
    Temperature Pres. DC (bar) Pressure (bar)   Constr. rmsd
    2.97354e+02   -2.18807e+02    8.31006e+01    2.37948e-06

           Step           Time
          25500       51.00000

   Energies (kJ/mol)
           Bond          Angle    Proper Dih. Ryckaert-Bell.          LJ-14
    2.04336e+02    5.46685e+02    4.33752e+01    3.10557e+02    3.84417e+02
     Coulomb-14        LJ (SR)  Disper. corr.   Coulomb (SR)   Coul. recip.
    1.82200e+03    2.13294e+04   -9.36797e+02   -1.35130e+05    2.51728e+02
 Position Rest.      Potential    Kinetic En.   Total Energy  Conserved En.
    9.46398e+01   -1.11079e+05    1.81900e+04   -9.28895e+04   -9.31669e+04
    Temperature Pres. DC (bar) Pressure (bar)   Constr. rmsd
    3.01239e+02   -2.17631e+02    4.50995e+02    2.78018e-06

           Step           Time
          26000       52.00000

   Energies (kJ/mol)
           Bond          Angle    Proper Dih. Ryckaert-Bell.          LJ-14
    2.44957e+02    5.43807e+02    3.25231e+01    3.18714e+02    3.72560e+02
     Coulomb-14        LJ (SR)  Disper. corr.   Coulomb (SR)   Coul. recip.
    1.82117e+03    2.03203e+04   -9.32325e+02   -1.34162e+05    2.42746e+02
 Position Rest.      Potential    Kinetic En.   Total Energy  Conserved En.
    1.11037e+02   -1.11087e+05    1.82129e+04   -9.28738e+04   -9.31707e+04
    Temperature Pres. DC (bar) Pressure (bar)   Constr. rmsd
    3.01619e+02   -2.15561e+02   -4.36752e+02    2.99780e-06

           Step           Time
          26500       53.00000

   Energies (kJ/mol)
           Bond          Angle    Proper Dih. Ryckaert-Bell.          LJ-14
    2.47777e+02    5.40318e+02    3.81604e+01    2.99170e+02    3.63940e+02
     Coulomb-14        LJ (SR)  Disper. corr.   Coulomb (SR)   Coul. recip.
    1.82345e+03    2.06247e+04   -9.46961e+02   -1.34780e+05    2.51774e+02
 Position Rest.      Potential    Kinetic En.   Total Energy  Conserved En.
    9.18431e+01   -1.11446e+05    1.77838e+04   -9.36622e+04   -9.31682e+04
    Temperature Pres. DC (bar) Pressure (bar)   Constr. rmsd
    2.94514e+02   -2.22374e+02   -2.52827e+02    4.00602e-06

           Step           Time
          27000       54.00000

   Energies (kJ/mol)
           Bond          Angle    Proper Dih. Ryckaert-Bell.          LJ-14
    2.19345e+02    5.45132e+02    3.13899e+01    3.13066e+02    4.06494e+02
     Coulomb-14        LJ (SR)  Disper. corr.   Coulomb (SR)   Coul. recip.
    1.83744e+03    2.09817e+04   -9.51027e+02   -1.35734e+05    2.57556e+02
 Position Rest.      Potential    Kinetic En.   Total Energy  Conserved En.
    8.95655e+01   -1.12003e+05    1.80395e+04   -9.39637e+04   -9.31729e+04
    Temperature Pres. DC (bar) Pressure (bar)   Constr. rmsd
    2.98747e+02   -2.24285e+02    5.22555e+02    1.73275e-06

           Step           Time
          27500       55.00000

   Energies (kJ/mol)
           Bond          Angle    Proper Dih. Ryckaert-Bell.          LJ-14
    2.35628e+02    5.43930e+02    3.35474e+01    2.98871e+02    3.83365e+02
     Coulomb-14        LJ (SR)  Disper. corr.   Coulomb (SR)   Coul. recip.
    1.87421e+03    2.05889e+04   -9.37843e+02   -1.34679e+05    2.53673e+02
 Position Rest.      Potential    Kinetic En.   Total Energy  Conserved En.
    8.19577e+01   -1.11323e+05    1.82519e+04   -9.30706e+04   -9.31715e+04
    Temperature Pres. DC (bar) Pressure (bar)   Constr. rmsd
    3.02265e+02   -2.18117e+02   -1.46543e+02    2.31012e-06

           Step           Time
          28000       56.00000

   Energies (kJ/mol)
           Bond          Angle    Proper Dih. Ryckaert-Bell.          LJ-14
    2.10558e+02    6.15434e+02    3.80531e+01    2.83256e+02    3.98455e+02
     Coulomb-14        LJ (SR)  Disper. corr.   Coulomb (SR)   Coul. recip.
    1.86383e+03    2.04794e+04   -9.43715e+02   -1.34670e+05    2.69926e+02
 Position Rest.      Potential    Kinetic En.   Total Energy  Conserved En.
    1.05410e+02   -1.11349e+05    1.80407e+04   -9.33087e+04   -9.31653e+04
    Temperature Pres. DC (bar) Pressure (bar)   Constr. rmsd
    2.98767e+02   -2.20853e+02    4.93387e+01    2.53304e-06

           Step           Time
          28500       57.00000

   Energies (kJ/mol)
           Bond          Angle    Proper Dih. Ryckaert-Bell.          LJ-14
    1.96791e+02    5.78878e+02    3.39493e+01    3.35516e+02    3.88324e+02
     Coulomb-14        LJ (SR)  Disper. corr.   Coulomb (SR)   Coul. recip.
    1.83586e+03    2.05207e+04   -9.35768e+02   -1.35253e+05    2.42254e+02
 Position Rest.      Potential    Kinetic En.   Total Energy  Conserved En.
    9.51730e+01   -1.11961e+05    1.76508e+04   -9.43103e+04   -9.31581e+04
    Temperature Pres. DC (bar) Pressure (bar)   Constr. rmsd
    2.92310e+02   -2.17154e+02   -4.17875e+02    2.05402e-06

           Step           Time
          29000       58.00000

   Energies (kJ/mol)
           Bond          Angle    Proper Dih. Ryckaert-Bell.          LJ-14
    2.00185e+02    6.01469e+02    2.81690e+01    2.83680e+02    3.84271e+02
     Coulomb-14        LJ (SR)  Disper. corr.   Coulomb (SR)   Coul. recip.
    1.87383e+03    2.01364e+04   -9.45609e+02   -1.34260e+05    2.60517e+02
 Position Rest.      Potential    Kinetic En.   Total Energy  Conserved En.
    9.08558e+01   -1.11346e+05    1.80728e+04   -9.32732e+04   -9.31653e+04
    Temperature Pres. DC (bar) Pressure (bar)   Constr. rmsd
    2.99298e+02   -2.21740e+02   -2.67001e+02    2.47151e-06

           Step           Time
          29500       59.00000

   Energies (kJ/mol)
           Bond          Angle    Proper Dih. Ryckaert-Bell.          LJ-14
    1.95237e+02    6.13618e+02    3.93183e+01    2.92959e+02    3.75730e+02
     Coulomb-14        LJ (SR)  Disper. corr.   Coulomb (SR)   Coul. recip.
    1.82722e+03    2.02506e+04   -9.40999e+02   -1.34102e+05    2.94201e+02
 Position Rest.      Potential    Kinetic En.   Total Energy  Conserved En.
    9.22255e+01   -1.11062e+05    1.81155e+04   -9.29468e+04   -9.31647e+04
    Temperature Pres. DC (bar) Pressure (bar)   Constr. rmsd
    3.00006e+02   -2.19586e+02   -2.14065e+02    2.88526e-06

           Step           Time
          30000       60.00000

   Energies (kJ/mol)
           Bond          Angle    Proper Dih. Ryckaert-Bell.          LJ-14
    2.23907e+02    5.79707e+02    3.86579e+01    3.07090e+02    3.85220e+02
     Coulomb-14        LJ (SR)  Disper. corr.   Coulomb (SR)   Coul. recip.
    1.85748e+03    2.02668e+04   -9.37805e+02   -1.34297e+05    2.44879e+02
 Position Rest.      Potential    Kinetic En.   Total Energy  Conserved En.
    9.33787e+01   -1.11238e+05    1.81740e+04   -9.30637e+04   -9.31671e+04
    Temperature Pres. DC (bar) Pressure (bar)   Constr. rmsd
    3.00974e+02   -2.18099e+02   -3.49424e+02    3.03154e-06

           Step           Time
          30500       61.00000

   Energies (kJ/mol)
           Bond          Angle    Proper Dih. Ryckaert-Bell.          LJ-14
    2.13311e+02    5.18216e+02    4.49070e+01    3.00359e+02    4.20100e+02
     Coulomb-14        LJ (SR)  Disper. corr.   Coulomb (SR)   Coul. recip.
    1.81710e+03    2.04243e+04   -9.35980e+02   -1.34112e+05    2.82405e+02
 Position Rest.      Potential    Kinetic En.   Total Energy  Conserved En.
    9.66328e+01   -1.10931e+05    1.78800e+04   -9.30508e+04   -9.31685e+04
    Temperature Pres. DC (bar) Pressure (bar)   Constr. rmsd
    2.96106e+02   -2.17252e+02    2.09760e+02    3.26821e-06

           Step           Time
          31000       62.00000

   Energies (kJ/mol)
           Bond          Angle    Proper Dih. Ryckaert-Bell.          LJ-14
    2.14411e+02    5.52378e+02    2.49326e+01    3.21974e+02    4.14431e+02
     Coulomb-14        LJ (SR)  Disper. corr.   Coulomb (SR)   Coul. recip.
    1.87356e+03    2.02390e+04   -9.41735e+02   -1.34066e+05    2.59342e+02
 Position Rest.      Potential    Kinetic En.   Total Energy  Conserved En.
    8.85287e+01   -1.11019e+05    1.76202e+04   -9.33987e+04   -9.31636e+04
    Temperature Pres. DC (bar) Pressure (bar)   Constr. rmsd
    2.91803e+02   -2.19929e+02   -7.73675e+01    2.06309e-06

           Step           Time
          31500       63.00000

   Energies (kJ/mol)
           Bond          Angle    Proper Dih. Ryckaert-Bell.          LJ-14
    2.57611e+02    6.00877e+02    5.29587e+01    3.20762e+02    3.67485e+02
     Coulomb-14        LJ (SR)  Disper. corr.   Coulomb (SR)   Coul. recip.
    1.81786e+03    2.06186e+04   -9.43134e+02   -1.34476e+05    2.77462e+02
 Position Rest.      Potential    Kinetic En.   Total Energy  Conserved En.
    8.76227e+01   -1.11018e+05    1.80785e+04   -9.29393e+04   -9.31707e+04
    Temperature Pres. DC (bar) Pressure (bar)   Constr. rmsd
    2.99393e+02   -2.20582e+02   -5.65477e+01    2.82949e-06

           Step           Time
          32000       64.00000

   Energies (kJ/mol)
           Bond          Angle    Proper Dih. Ryckaert-Bell.          LJ-14
    1.98210e+02    6.07680e+02    2.70223e+01    3.41142e+02    4.16327e+02
     Coulomb-14        LJ (SR)  Disper. corr.   Coulomb (SR)   Coul. recip.
    1.84187e+03    2.04249e+04   -9.32270e+02   -1.34071e+05    2.56454e+02
 Position Rest.      Potential    Kinetic En.   Total Energy  Conserved En.
    8.14802e+01   -1.10808e+05    1.81432e+04   -9.26645e+04   -9.31722e+04
    Temperature Pres. DC (bar) Pressure (bar)   Constr. rmsd
    3.00464e+02   -2.15535e+02    2.39630e+01    4.02937e-06

           Step           Time
          32500       65.00000

   Energies (kJ/mol)
           Bond          Angle    Proper Dih. Ryckaert-Bell.          LJ-14
    2.49339e+02    5.36424e+02    3.01833e+01    2.67443e+02    3.85450e+02
     Coulomb-14        LJ (SR)  Disper. corr.   Coulomb (SR)   Coul. recip.
    1.82353e+03    2.05785e+04   -9.33802e+02   -1.34842e+05    2.58548e+02
 Position Rest.      Potential    Kinetic En.   Total Energy  Conserved En.
    1.12210e+02   -1.11534e+05    1.80795e+04   -9.34547e+04   -9.31680e+04
    Temperature Pres. DC (bar) Pressure (bar)   Constr. rmsd
    2.99410e+02   -2.16243e+02   -4.87370e+02    2.59948e-06

           Step           Time
          33000       66.00000

   Energies (kJ/mol)
           Bond          Angle    Proper Dih. Ryckaert-Bell.          LJ-14
    1.99589e+02    6.60783e+02    3.48912e+01    2.66185e+02    3.70457e+02
     Coulomb-14        LJ (SR)  Disper. corr.   Coulomb (SR)   Coul. recip.
    1.82907e+03    2.08819e+04   -9.38237e+02   -1.34881e+05    2.80877e+02
 Position Rest.      Potential    Kinetic En.   Total Energy  Conserved En.
    8.73284e+01   -1.11208e+05    1.78265e+04   -9.33819e+04   -9.31717e+04
    Temperature Pres. DC (bar) Pressure (bar)   Constr. rmsd
    2.95220e+02   -2.18300e+02    1.64336e+02    2.45051e-06

           Step           Time
          33500       67.00000

   Energies (kJ/mol)
           Bond          Angle    Proper Dih. Ryckaert-Bell.          LJ-14
    2.00179e+02    6.27902e+02    3.90209e+01    3.20733e+02    4.02423e+02
     Coulomb-14        LJ (SR)  Disper. corr.   Coulomb (SR)   Coul. recip.
    1.84965e+03    2.02582e+04   -9.35521e+02   -1.34122e+05    2.54159e+02
 Position Rest.      Potential    Kinetic En.   Total Energy  Conserved En.
    9.05452e+01   -1.11014e+05    1.82035e+04   -9.28110e+04   -9.31641e+04
    Temperature Pres. DC (bar) Pressure (bar)   Constr. rmsd
    3.01463e+02   -2.17039e+02   -1.05175e+02    1.82392e-06

           Step           Time
          34000       68.00000

   Energies (kJ/mol)
           Bond          Angle    Proper Dih. Ryckaert-Bell.          LJ-14
    1.92355e+02    5.94469e+02    3.35785e+01    3.07980e+02    4.04435e+02
     Coulomb-14        LJ (SR)  Disper. corr.   Coulomb (SR)   Coul. recip.
    1.84815e+03    2.10107e+04   -9.42104e+02   -1.35059e+05    2.46892e+02
 Position Rest.      Potential    Kinetic En.   Total Energy  Conserved En.
    8.50082e+01   -1.11277e+05    1.82100e+04   -9.30674e+04   -9.31756e+04
    Temperature Pres. DC (bar) Pressure (bar)   Constr. rmsd
    3.01572e+02   -2.20101e+02    4.32407e+02    2.35426e-06

           Step           Time
          34500       69.00000

   Energies (kJ/mol)
           Bond          Angle    Proper Dih. Ryckaert-Bell.          LJ-14
    2.13244e+02    6.05020e+02    5.43969e+01    3.59196e+02    4.08161e+02
     Coulomb-14        LJ (SR)  Disper. corr.   Coulomb (SR)   Coul. recip.
    1.86977e+03    2.09099e+04   -9.37854e+02   -1.34881e+05    2.49940e+02
 Position Rest.      Potential    Kinetic En.   Total Energy  Conserved En.
    7.99505e+01   -1.11069e+05    1.84175e+04   -9.26513e+04   -9.31748e+04
    Temperature Pres. DC (bar) Pressure (bar)   Constr. rmsd
    3.05007e+02   -2.18122e+02    2.04599e+02    2.80895e-06

           Step           Time
          35000       70.00000

   Energies (kJ/mol)
           Bond          Angle    Proper Dih. Ryckaert-Bell.          LJ-14
    2.29727e+02    5.55535e+02    2.85134e+01    3.19750e+02    3.92982e+02
     Coulomb-14        LJ (SR)  Disper. corr.   Coulomb (SR)   Coul. recip.
    1.85603e+03    2.06520e+04   -9.38693e+02   -1.34402e+05    2.45737e+02
 Position Rest.      Potential    Kinetic En.   Total Energy  Conserved En.
    1.05452e+02   -1.10955e+05    1.83210e+04   -9.26340e+04   -9.31804e+04
    Temperature Pres. DC (bar) Pressure (bar)   Constr. rmsd
    3.03410e+02   -2.18512e+02    1.14275e+02    2.48607e-06

           Step           Time
          35500       71.00000

   Energies (kJ/mol)
           Bond          Angle    Proper Dih. Ryckaert-Bell.          LJ-14
    2.22603e+02    5.94938e+02    3.31975e+01    3.27315e+02    3.97788e+02
     Coulomb-14        LJ (SR)  Disper. corr.   Coulomb (SR)   Coul. recip.
    1.89479e+03    2.02389e+04   -9.39447e+02   -1.34297e+05    2.64613e+02
 Position Rest.      Potential    Kinetic En.   Total Energy  Conserved En.
    1.01935e+02   -1.11161e+05    1.85229e+04   -9.26376e+04   -9.31847e+04
    Temperature Pres. DC (bar) Pressure (bar)   Constr. rmsd
    3.06752e+02   -2.18863e+02   -2.62362e+02    2.75789e-06

           Step           Time
          36000       72.00000

   Energies (kJ/mol)
           Bond          Angle    Proper Dih. Ryckaert-Bell.          LJ-14
    2.55020e+02    6.09137e+02    2.83398e+01    3.07331e+02    3.72465e+02
     Coulomb-14        LJ (SR)  Disper. corr.   Coulomb (SR)   Coul. recip.
    1.86481e+03    2.03565e+04   -9.35645e+02   -1.33785e+05    2.57950e+02
 Position Rest.      Potential    Kinetic En.   Total Energy  Conserved En.
    8.46007e+01   -1.10585e+05    1.81403e+04   -9.24442e+04   -9.31786e+04
    Temperature Pres. DC (bar) Pressure (bar)   Constr. rmsd
    3.00417e+02   -2.17097e+02   -3.04012e+02    2.80193e-06

           Step           Time
          36500       73.00000

   Energies (kJ/mol)
           Bond          Angle    Proper Dih. Ryckaert-Bell.          LJ-14
    1.69248e+02    6.58920e+02    3.39288e+01    3.51070e+02    4.05795e+02
     Coulomb-14        LJ (SR)  Disper. corr.   Coulomb (SR)   Coul. recip.
    1.88083e+03    2.07354e+04   -9.38122e+02   -1.34717e+05    2.47346e+02
 Position Rest.      Potential    Kinetic En.   Total Energy  Conserved En.
    7.87070e+01   -1.11094e+05    1.80185e+04   -9.30756e+04   -9.31782e+04
    Temperature Pres. DC (bar) Pressure (bar)   Constr. rmsd
    2.98399e+02   -2.18246e+02    1.49714e+02    1.66352e-06

           Step           Time
          37000       74.00000

   Energies (kJ/mol)
           Bond          Angle    Proper Dih. Ryckaert-Bell.          LJ-14
    2.50180e+02    5.88646e+02    5.31603e+01    3.02556e+02    4.04520e+02
     Coulomb-14        LJ (SR)  Disper. corr.   Coulomb (SR)   Coul. recip.
    1.85298e+03    2.12700e+04   -9.32318e+02   -1.34947e+05    2.34987e+02
 Position Rest.      Potential    Kinetic En.   Total Energy  Conserved En.
    7.63435e+01   -1.10846e+05    1.84769e+04   -9.23691e+04   -9.31756e+04
    Temperature Pres. DC (bar) Pressure (bar)   Constr. rmsd
    3.05991e+02   -2.15557e+02    5.11829e+02    1.95841e-06

           Step           Time
          37500       75.00000

   Energies (kJ/mol)
           Bond          Angle    Proper Dih. Ryckaert-Bell.          LJ-14
    2.36311e+02    5.37497e+02    4.25828e+01    3.49747e+02    3.94287e+02
     Coulomb-14        LJ (SR)  Disper. corr.   Coulomb (SR)   Coul. recip.
    1.81738e+03    2.03402e+04   -9.35271e+02   -1.34517e+05    2.80316e+02
 Position Rest.      Potential    Kinetic En.   Total Energy  Conserved En.
    8.08683e+01   -1.11373e+05    1.83561e+04   -9.30171e+04   -9.31866e+04
    Temperature Pres. DC (bar) Pressure (bar)   Constr. rmsd
    3.03991e+02   -2.16924e+02   -2.33080e+02    2.65665e-06

           Step           Time
          38000       76.00000

   Energies (kJ/mol)
           Bond          Angle    Proper Dih. Ryckaert-Bell.          LJ-14
    1.74982e+02    5.36904e+02    4.03071e+01    2.94727e+02    3.86244e+02
     Coulomb-14        LJ (SR)  Disper. corr.   Coulomb (SR)   Coul. recip.
    1.82529e+03    2.04735e+04   -9.32543e+02   -1.35025e+05    2.57271e+02
 Position Rest.      Potential    Kinetic En.   Total Energy  Conserved En.
    9.87446e+01   -1.11869e+05    1.76046e+04   -9.42646e+04   -9.31858e+04
    Temperature Pres. DC (bar) Pressure (bar)   Constr. rmsd
    2.91545e+02   -2.15662e+02   -3.03832e+02    2.00154e-06

           Step           Time
          38500       77.00000

   Energies (kJ/mol)
           Bond          Angle    Proper Dih. Ryckaert-Bell.          LJ-14
    2.42182e+02    6.31315e+02    3.12782e+01    2.79997e+02    3.94362e+02
     Coulomb-14        LJ (SR)  Disper. corr.   Coulomb (SR)   Coul. recip.
    1.84359e+03    2.02438e+04   -9.36665e+02   -1.34078e+05    2.44408e+02
 Position Rest.      Potential    Kinetic En.   Total Energy  Conserved En.
    9.42940e+01   -1.11010e+05    1.81399e+04   -9.28700e+04   -9.31901e+04
    Temperature Pres. DC (bar) Pressure (bar)   Constr. rmsd
    3.00409e+02   -2.17570e+02   -3.15358e+02    2.88321e-06

           Step           Time
          39000       78.00000

   Energies (kJ/mol)
           Bond          Angle    Proper Dih. Ryckaert-Bell.          LJ-14
    2.11512e+02    6.00784e+02    2.79266e+01    2.83318e+02    3.80311e+02
     Coulomb-14        LJ (SR)  Disper. corr.   Coulomb (SR)   Coul. recip.
    1.85416e+03    2.05502e+04   -9.42676e+02   -1.34333e+05    2.26609e+02
 Position Rest.      Potential    Kinetic En.   Total Energy  Conserved En.
    1.01181e+02   -1.11039e+05    1.81244e+04   -9.29149e+04   -9.31910e+04
    Temperature Pres. DC (bar) Pressure (bar)   Constr. rmsd
    3.00153e+02   -2.20368e+02    1.23274e+02    2.96087e-06

           Step           Time
          39500       79.00000

   Energies (kJ/mol)
           Bond          Angle    Proper Dih. Ryckaert-Bell.          LJ-14
    2.22614e+02    5.67840e+02    4.96732e+01    2.99303e+02    3.89776e+02
     Coulomb-14        LJ (SR)  Disper. corr.   Coulomb (SR)   Coul. recip.
    1.80755e+03    2.06698e+04   -9.40146e+02   -1.35036e+05    2.81710e+02
 Position Rest.      Potential    Kinetic En.   Total Energy  Conserved En.
    1.24661e+02   -1.11563e+05    1.78608e+04   -9.37019e+04   -9.31858e+04
    Temperature Pres. DC (bar) Pressure (bar)   Constr. rmsd
    2.95788e+02   -2.19188e+02    2.71981e+00    2.91452e-06

           Step           Time
          40000       80.00000

   Energies (kJ/mol)
           Bond          Angle    Proper Dih. Ryckaert-Bell.          LJ-14
    2.38745e+02    6.22602e+02    2.28626e+01    2.82225e+02    4.15571e+02
     Coulomb-14        LJ (SR)  Disper. corr.   Coulomb (SR)   Coul. recip.
    1.86337e+03    2.03404e+04   -9.42257e+02   -1.34597e+05    2.50011e+02
 Position Rest.      Potential    Kinetic En.   Total Energy  Conserved En.
    9.61565e+01   -1.11407e+05    1.81595e+04   -9.32479e+04   -9.31900e+04
    Temperature Pres. DC (bar) Pressure (bar)   Constr. rmsd
    3.00735e+02   -2.20172e+02   -1.29164e+02    3.30350e-06

           Step           Time
          40500       81.00000

   Energies (kJ/mol)
           Bond          Angle    Proper Dih. Ryckaert-Bell.          LJ-14
    2.08858e+02    6.77052e+02    3.26272e+01    3.28923e+02    4.00505e+02
     Coulomb-14        LJ (SR)  Disper. corr.   Coulomb (SR)   Coul. recip.
    1.84539e+03    2.06807e+04   -9.40736e+02   -1.34916e+05    2.57958e+02
 Position Rest.      Potential    Kinetic En.   Total Energy  Conserved En.
    9.20211e+01   -1.11332e+05    1.85368e+04   -9.27956e+04   -9.31951e+04
    Temperature Pres. DC (bar) Pressure (bar)   Constr. rmsd
    3.06983e+02   -2.19463e+02    1.83628e+02    2.81555e-06

           Step           Time
          41000       82.00000

   Energies (kJ/mol)
           Bond          Angle    Proper Dih. Ryckaert-Bell.          LJ-14
    2.24463e+02    5.66739e+02    2.23057e+01    3.07334e+02    3.98584e+02
     Coulomb-14        LJ (SR)  Disper. corr.   Coulomb (SR)   Coul. recip.
    1.84476e+03    2.03020e+04   -9.55190e+02   -1.34612e+05    2.34980e+02
 Position Rest.      Potential    Kinetic En.   Total Energy  Conserved En.
    1.10072e+02   -1.11556e+05    1.84413e+04   -9.31151e+04   -9.31840e+04
    Temperature Pres. DC (bar) Pressure (bar)   Constr. rmsd
    3.05401e+02   -2.26251e+02   -4.87334e+01    1.93689e-06

           Step           Time
          41500       83.00000

   Energies (kJ/mol)
           Bond          Angle    Proper Dih. Ryckaert-Bell.          LJ-14
    2.00803e+02    6.17534e+02    2.73640e+01    3.58741e+02    3.95586e+02
     Coulomb-14        LJ (SR)  Disper. corr.   Coulomb (SR)   Coul. recip.
    1.86617e+03    2.02761e+04   -9.31303e+02   -1.34135e+05    2.58032e+02
 Position Rest.      Potential    Kinetic En.   Total Energy  Conserved En.
    8.30009e+01   -1.10983e+05    1.84150e+04   -9.25676e+04   -9.31810e+04
    Temperature Pres. DC (bar) Pressure (bar)   Constr. rmsd
    3.04966e+02   -2.15089e+02   -1.39174e+02    3.10094e-06

           Step           Time
          42000       84.00000

   Energies (kJ/mol)
           Bond          Angle    Proper Dih. Ryckaert-Bell.          LJ-14
    2.30347e+02    6.17325e+02    3.08958e+01    2.70864e+02    3.85336e+02
     Coulomb-14        LJ (SR)  Disper. corr.   Coulomb (SR)   Coul. recip.
    1.84029e+03    2.08863e+04   -9.42716e+02   -1.35037e+05    2.58702e+02
 Position Rest.      Potential    Kinetic En.   Total Energy  Conserved En.
    9.87204e+01   -1.11361e+05    1.81507e+04   -9.32107e+04   -9.31819e+04
    Temperature Pres. DC (bar) Pressure (bar)   Constr. rmsd
    3.00590e+02   -2.20387e+02    1.97520e+02    2.10551e-06

           Step           Time
          42500       85.00000

   Energies (kJ/mol)
           Bond          Angle    Proper Dih. Ryckaert-Bell.          LJ-14
    2.14414e+02    5.74857e+02    2.48424e+01    3.33104e+02    3.92124e+02
     Coulomb-14        LJ (SR)  Disper. corr.   Coulomb (SR)   Coul. recip.
    1.87655e+03    2.08795e+04   -9.28107e+02   -1.34646e+05    2.40303e+02
 Position Rest.      Potential    Kinetic En.   Total Energy  Conserved En.
    9.99178e+01   -1.10939e+05    1.80398e+04   -9.28990e+04   -9.31807e+04
    Temperature Pres. DC (bar) Pressure (bar)   Constr. rmsd
    2.98753e+02   -2.13617e+02    3.10770e+01    1.61680e-06

           Step           Time
          43000       86.00000

   Energies (kJ/mol)
           Bond          Angle    Proper Dih. Ryckaert-Bell.          LJ-14
    2.04727e+02    6.13302e+02    2.93531e+01    2.94193e+02    4.06608e+02
     Coulomb-14        LJ (SR)  Disper. corr.   Coulomb (SR)   Coul. recip.
    1.84287e+03    2.02463e+04   -9.36136e+02   -1.34254e+05    2.56247e+02
 Position Rest.      Potential    Kinetic En.   Total Energy  Conserved En.
    9.22205e+01   -1.11204e+05    1.79918e+04   -9.32124e+04   -9.31773e+04
    Temperature Pres. DC (bar) Pressure (bar)   Constr. rmsd
    2.97957e+02   -2.17324e+02   -5.47602e+01    2.41331e-06

           Step           Time
          43500       87.00000

   Energies (kJ/mol)
           Bond          Angle    Proper Dih. Ryckaert-Bell.          LJ-14
    2.10114e+02    6.85083e+02    4.51482e+01    2.96931e+02    3.83273e+02
     Coulomb-14        LJ (SR)  Disper. corr.   Coulomb (SR)   Coul. recip.
    1.80884e+03    2.09809e+04   -9.47266e+02   -1.35232e+05    2.65999e+02
 Position Rest.      Potential    Kinetic En.   Total Energy  Conserved En.
    1.03573e+02   -1.11399e+05    1.81191e+04   -9.32799e+04   -9.31785e+04
    Temperature Pres. DC (bar) Pressure (bar)   Constr. rmsd
    3.00066e+02   -2.22517e+02    3.05845e+02    1.92830e-06

           Step           Time
          44000       88.00000

   Energies (kJ/mol)
           Bond          Angle    Proper Dih. Ryckaert-Bell.          LJ-14
    1.81150e+02    5.15670e+02    2.77353e+01    3.05876e+02    3.78513e+02
     Coulomb-14        LJ (SR)  Disper. corr.   Coulomb (SR)   Coul. recip.
    1.86094e+03    2.03466e+04   -9.34043e+02   -1.34875e+05    2.52000e+02
 Position Rest.      Potential    Kinetic En.   Total Energy  Conserved En.
    8.13569e+01   -1.11859e+05    1.82479e+04   -9.36111e+04   -9.32022e+04
    Temperature Pres. DC (bar) Pressure (bar)   Constr. rmsd
    3.02198e+02   -2.16355e+02   -4.36805e+02    3.15872e-06

           Step           Time
          44500       89.00000

   Energies (kJ/mol)
           Bond          Angle    Proper Dih. Ryckaert-Bell.          LJ-14
    2.07346e+02    5.49335e+02    3.68078e+01    2.84743e+02    3.98978e+02
     Coulomb-14        LJ (SR)  Disper. corr.   Coulomb (SR)   Coul. recip.
    1.82536e+03    2.03079e+04   -9.29540e+02   -1.34511e+05    2.74746e+02
 Position Rest.      Potential    Kinetic En.   Total Energy  Conserved En.
    9.91726e+01   -1.11456e+05    1.81597e+04   -9.32962e+04   -9.31932e+04
    Temperature Pres. DC (bar) Pressure (bar)   Constr. rmsd
    3.00737e+02   -2.14276e+02   -2.75620e+02    3.62154e-06

           Step           Time
          45000       90.00000

   Energies (kJ/mol)
           Bond          Angle    Proper Dih. Ryckaert-Bell.          LJ-14
    2.12601e+02    5.68386e+02    3.74078e+01    3.28430e+02    3.97030e+02
     Coulomb-14        LJ (SR)  Disper. corr.   Coulomb (SR)   Coul. recip.
    1.85627e+03    2.10322e+04   -9.42876e+02   -1.35004e+05    2.46384e+02
 Position Rest.      Potential    Kinetic En.   Total Energy  Conserved En.
    1.03080e+02   -1.11165e+05    1.82214e+04   -9.29433e+04   -9.31918e+04
    Temperature Pres. DC (bar) Pressure (bar)   Constr. rmsd
    3.01760e+02   -2.20461e+02    4.03889e+02    2.25203e-06

           Step           Time
          45500       91.00000

   Energies (kJ/mol)
           Bond          Angle    Proper Dih. Ryckaert-Bell.          LJ-14
    1.91399e+02    5.49805e+02    2.29562e+01    3.17752e+02    3.92679e+02
     Coulomb-14        LJ (SR)  Disper. corr.   Coulomb (SR)   Coul. recip.
    1.85850e+03    2.08533e+04   -9.32119e+02   -1.35331e+05    2.54949e+02
 Position Rest.      Potential    Kinetic En.   Total Energy  Conserved En.
    1.11714e+02   -1.11710e+05    1.78467e+04   -9.38630e+04   -9.31972e+04
    Temperature Pres. DC (bar) Pressure (bar)   Constr. rmsd
    2.95555e+02   -2.15465e+02   -2.80149e+01    2.22272e-06

           Step           Time
          46000       92.00000

   Energies (kJ/mol)
           Bond          Angle    Proper Dih. Ryckaert-Bell.          LJ-14
    2.20160e+02    5.96960e+02    4.20251e+01    2.87570e+02    4.17315e+02
     Coulomb-14        LJ (SR)  Disper. corr.   Coulomb (SR)   Coul. recip.
    1.85220e+03    2.01329e+04   -9.44804e+02   -1.34247e+05    2.71044e+02
 Position Rest.      Potential    Kinetic En.   Total Energy  Conserved En.
    1.09368e+02   -1.11262e+05    1.79142e+04   -9.33481e+04   -9.31986e+04
    Temperature Pres. DC (bar) Pressure (bar)   Constr. rmsd
    2.96672e+02   -2.21363e+02   -1.61525e+02    3.94011e-06

           Step           Time
          46500       93.00000

   Energies (kJ/mol)
           Bond          Angle    Proper Dih. Ryckaert-Bell.          LJ-14
    2.99353e+02    5.62890e+02    3.64677e+01    3.42547e+02    4.04787e+02
     Coulomb-14        LJ (SR)  Disper. corr.   Coulomb (SR)   Coul. recip.
    1.82747e+03    1.99648e+04   -9.32130e+02   -1.33916e+05    2.66529e+02
 Position Rest.      Potential    Kinetic En.   Total Energy  Conserved En.
    1.02788e+02   -1.11041e+05    1.83176e+04   -9.27231e+04   -9.31874e+04
    Temperature Pres. DC (bar) Pressure (bar)   Constr. rmsd
    3.03353e+02   -2.15471e+02   -5.85994e+02    2.44506e-06

           Step           Time
          47000       94.00000

   Energies (kJ/mol)
           Bond          Angle    Proper Dih. Ryckaert-Bell.          LJ-14
    2.16234e+02    6.71226e+02    3.23026e+01    3.08726e+02    3.91762e+02
     Coulomb-14        LJ (SR)  Disper. corr.   Coulomb (SR)   Coul. recip.
    1.87438e+03    1.97829e+04   -9.32439e+02   -1.33382e+05    2.38321e+02
 Position Rest.      Potential    Kinetic En.   Total Energy  Conserved En.
    1.03736e+02   -1.10694e+05    1.82725e+04   -9.24219e+04   -9.32014e+04
    Temperature Pres. DC (bar) Pressure (bar)   Constr. rmsd
    3.02606e+02   -2.15614e+02   -4.64633e+02    2.39512e-06

           Step           Time
          47500       95.00000

   Energies (kJ/mol)
           Bond          Angle    Proper Dih. Ryckaert-Bell.          LJ-14
    1.94815e+02    6.11310e+02    3.30701e+01    3.34462e+02    3.71506e+02
     Coulomb-14        LJ (SR)  Disper. corr.   Coulomb (SR)   Coul. recip.
    1.87229e+03    2.00586e+04   -9.34594e+02   -1.34239e+05    2.35464e+02
 Position Rest.      Potential    Kinetic En.   Total Energy  Conserved En.
    8.88000e+01   -1.11373e+05    1.85417e+04   -9.28312e+04   -9.31971e+04
    Temperature Pres. DC (bar) Pressure (bar)   Constr. rmsd
    3.07064e+02   -2.16610e+02   -5.29026e+02    2.38664e-06

           Step           Time
          48000       96.00000

   Energies (kJ/mol)
           Bond          Angle    Proper Dih. Ryckaert-Bell.          LJ-14
    2.19983e+02    6.01843e+02    4.20576e+01    3.08251e+02    3.96075e+02
     Coulomb-14        LJ (SR)  Disper. corr.   Coulomb (SR)   Coul. recip.
    1.84172e+03    2.06060e+04   -9.47726e+02   -1.34427e+05    2.35208e+02
 Position Rest.      Potential    Kinetic En.   Total Energy  Conserved En.
    9.36825e+01   -1.11030e+05    1.85771e+04   -9.24527e+04   -9.31935e+04
    Temperature Pres. DC (bar) Pressure (bar)   Constr. rmsd
    3.07650e+02   -2.22733e+02    5.46031e+02    2.37038e-06

           Step           Time
          48500       97.00000

   Energies (kJ/mol)
           Bond          Angle    Proper Dih. Ryckaert-Bell.          LJ-14
    2.39629e+02    6.65468e+02    2.44264e+01    3.32694e+02    3.89458e+02
     Coulomb-14        LJ (SR)  Disper. corr.   Coulomb (SR)   Coul. recip.
    1.84230e+03    2.06690e+04   -9.34531e+02   -1.34403e+05    2.76673e+02
 Position Rest.      Potential    Kinetic En.   Total Energy  Conserved En.
    1.10821e+02   -1.10787e+05    1.81371e+04   -9.26500e+04   -9.31904e+04
    Temperature Pres. DC (bar) Pressure (bar)   Constr. rmsd
    3.00364e+02   -2.16581e+02   -8.68438e+01    2.37053e-06

           Step           Time
          49000       98.00000

   Energies (kJ/mol)
           Bond          Angle    Proper Dih. Ryckaert-Bell.          LJ-14
    2.47189e+02    4.84798e+02    3.07116e+01    3.47833e+02    4.21686e+02
     Coulomb-14        LJ (SR)  Disper. corr.   Coulomb (SR)   Coul. recip.
    1.84755e+03    2.09432e+04   -9.38249e+02   -1.35743e+05    2.61915e+02
 Position Rest.      Potential    Kinetic En.   Total Energy  Conserved En.
    8.11021e+01   -1.12016e+05    1.82432e+04   -9.37724e+04   -9.31999e+04
    Temperature Pres. DC (bar) Pressure (bar)   Constr. rmsd
    3.02122e+02   -2.18306e+02   -1.67956e+02    2.26392e-06

           Step           Time
          49500       99.00000

   Energies (kJ/mol)
           Bond          Angle    Proper Dih. Ryckaert-Bell.          LJ-14
    1.96516e+02    6.55666e+02    3.47936e+01    2.98740e+02    4.02013e+02
     Coulomb-14        LJ (SR)  Disper. corr.   Coulomb (SR)   Coul. recip.
    1.87479e+03    2.07783e+04   -9.38754e+02   -1.34753e+05    2.75477e+02
 Position Rest.      Potential    Kinetic En.   Total Energy  Conserved En.
    1.34505e+02   -1.11041e+05    1.82795e+04   -9.27617e+04   -9.31889e+04
    Temperature Pres. DC (bar) Pressure (bar)   Constr. rmsd
    3.02721e+02   -2.18540e+02    3.68698e+02    2.70219e-06

           Step           Time
          50000      100.00000

Writing checkpoint, step 50000 at Thu Sep 26 14:37:49 2024


   Energies (kJ/mol)
           Bond          Angle    Proper Dih. Ryckaert-Bell.          LJ-14
    2.12183e+02    5.72225e+02    3.22954e+01    3.18110e+02    4.20030e+02
     Coulomb-14        LJ (SR)  Disper. corr.   Coulomb (SR)   Coul. recip.
    1.84358e+03    2.04363e+04   -9.33567e+02   -1.34292e+05    2.61555e+02
 Position Rest.      Potential    Kinetic En.   Total Energy  Conserved En.
    9.81990e+01   -1.11031e+05    1.80076e+04   -9.30236e+04   -9.31860e+04
    Temperature Pres. DC (bar) Pressure (bar)   Constr. rmsd
    2.98219e+02   -2.16135e+02    2.11965e+02    2.22218e-06


Energy conservation over simulation part #1 of length 100 ns, time 0 to 100 ns
  Conserved energy drift: -7.50e-05 kJ/mol/ps per atom


	<======  ###############  ==>
	<====  A V E R A G E S  ====>
	<==  ###############  ======>

	Statistics over 50001 steps using 501 frames

   Energies (kJ/mol)
           Bond          Angle    Proper Dih. Ryckaert-Bell.          LJ-14
    2.19549e+02    5.82549e+02    3.33283e+01    3.14878e+02    3.95103e+02
     Coulomb-14        LJ (SR)  Disper. corr.   Coulomb (SR)   Coul. recip.
    1.84859e+03    2.06090e+04   -9.38162e+02   -1.34675e+05    2.66064e+02
 Position Rest.      Potential    Kinetic En.   Total Energy  Conserved En.
    9.61040e+01   -1.11248e+05    1.81220e+04   -9.31256e+04   -9.31601e+04
    Temperature Pres. DC (bar) Pressure (bar)   Constr. rmsd
    3.00114e+02   -2.18271e+02   -8.74060e+00    0.00000e+00

          Box-X          Box-Y          Box-Z
    4.14975e+00    4.14975e+00    4.14975e+00

   Total Virial (kJ/mol)
    6.06031e+03    2.78461e+01    2.10159e+01
    2.78471e+01    6.04231e+03   -2.76175e+01
    2.09414e+01   -2.76368e+01    6.08142e+03

   Pressure (bar)
   -5.63587e+00   -1.20876e+01   -1.15817e+01
   -1.20880e+01   -4.90426e+00    1.37712e+01
   -1.15470e+01    1.37801e+01   -1.56817e+01

      T-Protein  T-non-Protein
    2.99980e+02    3.00121e+02


       P P   -   P M E   L O A D   B A L A N C I N G

 NOTE: The PP/PME load balancing was limited by the maximum allowed grid scaling,
       you might not have reached a good load balance.

 PP/PME load balancing changed the cut-off and PME settings:
           particle-particle                    PME
            rcoulomb  rlist            grid      spacing   1/beta
   initial  1.000 nm  1.002 nm      28  28  28   0.149 nm  0.320 nm
   final    1.305 nm  1.307 nm      20  20  20   0.209 nm  0.418 nm
 cost-ratio           2.22             0.36
 (note that these numbers concern only part of the total PP and PME load)


	M E G A - F L O P S   A C C O U N T I N G

 NB=Group-cutoff nonbonded kernels    NxN=N-by-N cluster Verlet kernels
 RF=Reaction-Field  VdW=Van der Waals  QSTab=quadratic-spline table
 W3=SPC/TIP3p  W4=TIP4p (single or pairs)
 V&F=Potential and force  V=Potential only  F=Force only

 Computing:                               M-Number         M-Flops  % Flops
-----------------------------------------------------------------------------
 Pair Search distance check             534.698560        4812.287     0.0
 NxN Ewald Elec. + LJ [F]            580506.930432    38313457.409    98.2
 NxN Ewald Elec. + LJ [V&F]            5875.544128      628683.222     1.6
 1,4 nonbonded interactions              37.700754        3393.068     0.0
 Shift-X                                  3.602190          21.613     0.0
 Bonds                                    7.700154         454.309     0.0
 Angles                                  26.300526        4418.488     0.0
 Propers                                  3.000060         687.014     0.0
 RB-Dihedrals                            29.700594        7336.047     0.0
 Pos. Restr.                              7.400148         370.007     0.0
 Virial                                  36.182235         651.280     0.0
 Stop-CM                                  3.602190          36.022     0.0
 Calc-Ekin                               71.914380        1941.688     0.0
 Lincs                                    6.800136         408.008     0.0
 Lincs-Mat                               31.800636         127.203     0.0
 Constraint-V                           358.907178        3230.165     0.0
 Constraint-Vir                          35.217042         845.209     0.0
 Settle                                 115.102302       42587.852     0.1
-----------------------------------------------------------------------------
 Total                                                39013460.890   100.0
-----------------------------------------------------------------------------


     R E A L   C Y C L E   A N D   T I M E   A C C O U N T I N G

On 1 MPI rank, each using 64 OpenMP threads

 Computing:          Num   Num      Call    Wall time         Giga-Cycles
                     Ranks Threads  Count      (s)         total sum    %
-----------------------------------------------------------------------------
 Neighbor search        1   64        501       2.926        374.585   1.3
 Launch GPU ops.        1   64      50001       9.739       1246.631   4.4
 Force                  1   64      50001      61.383       7857.083  27.6
 Wait PME GPU gather    1   64      50001       0.320         40.937   0.1
 Reduce GPU PME F       1   64      50001      18.396       2354.648   8.3
 NB X/F buffer ops.     1   64      99501      37.258       4769.082  16.8
 Write traj.            1   64        101       0.562         71.878   0.3
 Update                 1   64      50001      39.225       5020.839  17.6
 Constraints            1   64      50001      39.894       5106.510  17.9
 Rest                                          12.662       1620.768   5.7
-----------------------------------------------------------------------------
 Total                                        222.365      28462.961 100.0
-----------------------------------------------------------------------------

               Core t (s)   Wall t (s)        (%)
       Time:    14231.310      222.365     6400.0
                 (ns/day)    (hour/ns)
Performance:       38.856        0.618
Finished mdrun on rank 0 Thu Sep 26 14:37:49 2024

