--------------------------------------------------------------------------
Primary job  terminated normally, but 1 process returned
a non-zero exit code. Per user-direction, the job has been aborted.
--------------------------------------------------------------------------
--------------------------------------------------------------------------
mpirun noticed that process rank 14 with PID 63960 on node cs073 exited on signal 9 (Killed).
--------------------------------------------------------------------------
--------------------------------------------------------------------------
Primary job  terminated normally, but 1 process returned
a non-zero exit code. Per user-direction, the job has been aborted.
--------------------------------------------------------------------------
--------------------------------------------------------------------------
mpirun noticed that process rank 26 with PID 64771 on node cs073 exited on signal 9 (Killed).
--------------------------------------------------------------------------
--------------------------------------------------------------------------
Primary job  terminated normally, but 1 process returned
a non-zero exit code. Per user-direction, the job has been aborted.
--------------------------------------------------------------------------
--------------------------------------------------------------------------
mpirun noticed that process rank 4 with PID 72450 on node cs073 exited on signal 9 (Killed).
--------------------------------------------------------------------------
--------------------------------------------------------------------------
Primary job  terminated normally, but 1 process returned
a non-zero exit code. Per user-direction, the job has been aborted.
--------------------------------------------------------------------------
--------------------------------------------------------------------------
mpirun noticed that process rank 4 with PID 73944 on node cs073 exited on signal 9 (Killed).
--------------------------------------------------------------------------
--------------------------------------------------------------------------
Primary job  terminated normally, but 1 process returned
a non-zero exit code. Per user-direction, the job has been aborted.
--------------------------------------------------------------------------
--------------------------------------------------------------------------
mpirun noticed that process rank 1 with PID 82106 on node cs073 exited on signal 9 (Killed).
--------------------------------------------------------------------------
--------------------------------------------------------------------------
Primary job  terminated normally, but 1 process returned
a non-zero exit code. Per user-direction, the job has been aborted.
--------------------------------------------------------------------------
--------------------------------------------------------------------------
mpirun noticed that process rank 25 with PID 82272 on node cs073 exited on signal 9 (Killed).
--------------------------------------------------------------------------
--------------------------------------------------------------------------
Primary job  terminated normally, but 1 process returned
a non-zero exit code. Per user-direction, the job has been aborted.
--------------------------------------------------------------------------
--------------------------------------------------------------------------
mpirun noticed that process rank 2 with PID 82381 on node cs073 exited on signal 9 (Killed).
--------------------------------------------------------------------------
--------------------------------------------------------------------------
Primary job  terminated normally, but 1 process returned
a non-zero exit code. Per user-direction, the job has been aborted.
--------------------------------------------------------------------------
--------------------------------------------------------------------------
mpirun noticed that process rank 20 with PID 82547 on node cs073 exited on signal 9 (Killed).
--------------------------------------------------------------------------
--------------------------------------------------------------------------
Primary job  terminated normally, but 1 process returned
a non-zero exit code. Per user-direction, the job has been aborted.
--------------------------------------------------------------------------
--------------------------------------------------------------------------
mpirun noticed that process rank 30 with PID 82690 on node cs073 exited on signal 9 (Killed).
--------------------------------------------------------------------------
--------------------------------------------------------------------------
Primary job  terminated normally, but 1 process returned
a non-zero exit code. Per user-direction, the job has been aborted.
--------------------------------------------------------------------------
--------------------------------------------------------------------------
mpirun noticed that process rank 11 with PID 82810 on node cs073 exited on signal 9 (Killed).
--------------------------------------------------------------------------
slurmstepd: error: Detected 36 oom_kill events in StepId=53084559.batch. Some of the step tasks have been OOM Killed.
